<?xml version="1.0" encoding="UTF-8"?>
<!-- Generated by org.testng.reporters.JUnitReportReporter -->
<testsuite hostname="CMDLHRLT104" name="providerNote.BirthHx" tests="4" failures="0" timestamp="8 Jun 2018 06:29:27 GMT" time="624.795" errors="0">
  <testcase name="Applicationlogin" time="42.748" classname="providerNote.BirthHx"/>
  <testcase name="verifyBirthHxinactive" time="121.259" classname="providerNote.BirthHx"/>
  <testcase name="verifyBirthHxsaved" time="130.003" classname="providerNote.BirthHx"/>
  <testcase name="AddPatient" time="330.785" classname="providerNote.BirthHx"/>
</testsuite> <!-- providerNote.BirthHx -->
