<?xml version="1.0" encoding="UTF-8"?>
<!-- Generated by org.testng.reporters.JUnitReportReporter -->
<testsuite hostname="CMDLHRLT104" name="tests.Methods" tests="1" failures="0" timestamp="27 Sep 2017 11:16:07 GMT" time="30.441" errors="0">
  <testcase name="Methods" time="30.441" classname="tests.Methods"/>
</testsuite> <!-- tests.Methods -->
