<?xml version="1.0" encoding="UTF-8"?>
<!-- Generated by org.testng.reporters.JUnitReportReporter -->
<testsuite hostname="CMDLHRLT104" name="EsuperBill.Charge" tests="126" failures="1" timestamp="21 Mar 2018 15:42:16 GMT" time="2407.964" errors="0">
  <testcase name="validateNameField" time="22.947" classname="EsuperBill.Charge"/>
  <testcase name="verifyPopulatePANASDOS" time="145.168" classname="EsuperBill.Charge"/>
  <testcase name="verifyTemplatePopUpDisplay" time="2.556" classname="EsuperBill.Charge"/>
  <testcase name="verifyUpdatePOS21OnChargePrompt" time="41.655" classname="EsuperBill.Charge"/>
  <testcase name="verifyCopayLabelClick" time="8.062" classname="EsuperBill.Charge"/>
  <testcase name="verifyDisplayCasesDropdownValues" time="0.236" classname="EsuperBill.Charge"/>
  <testcase name="validatingConsentTab" time="0.524" classname="EsuperBill.Charge"/>
  <testcase name="verifyFeeScheduleCombination3" time="2.177" classname="EsuperBill.Charge"/>
  <testcase name="verifyDateClick" time="4.027" classname="EsuperBill.Charge"/>
  <testcase name="validatingUpdatedLog" time="40.381" classname="EsuperBill.Charge"/>
  <testcase name="validatingEmailAttachment1" time="24.162" classname="EsuperBill.Charge"/>
  <testcase name="validateRVUMultipleProcedure" time="8.800" classname="EsuperBill.Charge"/>
  <testcase name="verifyMedicareCareReferringProviderPlanPrompt" time="61.353" classname="EsuperBill.Charge"/>
  <testcase name="verifyProcedureModifier" time="0.146" classname="EsuperBill.Charge"/>
  <testcase name="verifyAddAddmissionDate" time="2.153" classname="EsuperBill.Charge"/>
  <testcase name="verifyFeeScheduleDollarSignNoRecord" time="22.386" classname="EsuperBill.Charge"/>
  <testcase name="verifyClaimAttachmentDelete" time="26.862" classname="EsuperBill.Charge"/>
  <testcase name="verifyUpdatePOS41toPOS11ChargeAmbulanceSectionLostPrompt" time="1.647" classname="EsuperBill.Charge"/>
  <testcase name="verifyCloseCaseDetailPopUp" time="1.464" classname="EsuperBill.Charge"/>
  <testcase name="validatingPrescriptionNoTextField" time="0.341" classname="EsuperBill.Charge"/>
  <testcase name="verifyProgramCodeDropdown" time="1.658" classname="EsuperBill.Charge"/>
  <testcase name="verifyManualDateEntry" time="2.871" classname="EsuperBill.Charge"/>
  <testcase name="validatingDisclosureTab" time="22.458" classname="EsuperBill.Charge"/>
  <testcase name="validateDataOnFinancialReport" time="46.247" classname="EsuperBill.Charge"/>
  <testcase name="verifyMedicareCareReferringProviderPlanSave" time="91.938" classname="EsuperBill.Charge"/>
  <testcase name="validateDataOnReceipt" time="63.802" classname="EsuperBill.Charge"/>
  <testcase name="verifyPDFViewer" time="30.080" classname="EsuperBill.Charge"/>
  <testcase name="verifyChargetemplateDataPopulation" time="35.653" classname="EsuperBill.Charge"/>
  <testcase name="verifyGeneralAttachmentOptions" time="4.005" classname="EsuperBill.Charge"/>
  <testcase name="verifyCaseSelection" time="1.192" classname="EsuperBill.Charge"/>
  <testcase name="validatingContactTab" time="2.062" classname="EsuperBill.Charge"/>
  <testcase name="verifyFeeScheduleCombination4" time="1.961" classname="EsuperBill.Charge"/>
  <testcase name="verifySelectCaseLabelDetails" time="24.947" classname="EsuperBill.Charge"/>
  <testcase name="validateUploadDeletion" time="3.614" classname="EsuperBill.Charge"/>
  <testcase name="verifyDuplicateClaimAttachment" time="28.426" classname="EsuperBill.Charge"/>
  <testcase name="verifyTemplateDetailTabValidation" time="23.236" classname="EsuperBill.Charge"/>
  <testcase name="verifyFeeScheduleCombination" time="2.324" classname="EsuperBill.Charge"/>
  <testcase name="verifyPopulateReferralASDOSPrompt" time="144.048" classname="EsuperBill.Charge"/>
  <testcase name="verifyEnabledTemplateLink" time="0.162" classname="EsuperBill.Charge"/>
  <testcase name="verifyReceiptPopup" time="2.537" classname="EsuperBill.Charge"/>
  <testcase name="verifyChargetemplatePOPUpClose" time="0.557" classname="EsuperBill.Charge"/>
  <testcase name="verifyAcceptAssignmentUncheckedInsurance" time="38.976" classname="EsuperBill.Charge"/>
  <testcase name="verifyFeeScheduleDollarSign" time="21.541" classname="EsuperBill.Charge"/>
  <testcase name="verifyReferringProvider" time="46.876" classname="EsuperBill.Charge"/>
  <testcase name="verifyUpdatePOSOnCharge" time="2.066" classname="EsuperBill.Charge"/>
  <testcase name="verifySelectReasonApptSection" time="49.441" classname="EsuperBill.Charge"/>
  <testcase name="validateUploadFile" time="6.739" classname="EsuperBill.Charge"/>
  <testcase name="verifyAddendumPopup" time="21.390" classname="EsuperBill.Charge"/>
  <testcase name="verifyingMaximumModifier" time="10.263" classname="EsuperBill.Charge"/>
  <testcase name="validatingPrescriptionDateTextField" time="0.723" classname="EsuperBill.Charge"/>
  <testcase name="verifyGlobalPeriodAlert" time="0.003" classname="EsuperBill.Charge"/>
  <testcase name="verifyDropdownEnabling" time="0.487" classname="EsuperBill.Charge"/>
  <testcase name="verifyCasePopUpNoChange" time="0.413" classname="EsuperBill.Charge"/>
  <testcase name="validatePaymentTabs" time="4.924" classname="EsuperBill.Charge"/>
  <testcase name="verifyPatientDemographicsPopup" time="2.002" classname="EsuperBill.Charge"/>
  <testcase name="verifyPANHyperLink" time="2.367" classname="EsuperBill.Charge"/>
  <testcase name="verifyChargetemplateDataPopulationRepeatICD" time="65.366" classname="EsuperBill.Charge"/>
  <testcase name="verifySaveUploadedClaim" time="6.883" classname="EsuperBill.Charge"/>
  <testcase name="verifyReferringProviderPopulationDemographics" time="0.116" classname="EsuperBill.Charge"/>
  <testcase name="verifyVisistsCount" time="28.346" classname="EsuperBill.Charge"/>
  <testcase name="verifySaveChargePOS21AdmisisonDate" time="77.884" classname="EsuperBill.Charge"/>
  <testcase name="verifyRemoveButtononReferringProviderPopUp" time="21.711" classname="EsuperBill.Charge"/>
  <testcase name="verifySaveResponsiblePlanPlanBalanceNone" time="12.514" classname="EsuperBill.Charge"/>
  <testcase name="verifySaveResponsiblePlanNone" time="5.329" classname="EsuperBill.Charge"/>
  <testcase name="verifyNameSearchChargetemplate" time="25.071" classname="EsuperBill.Charge"/>
  <testcase name="verifyNDCManualEntry" time="2.357" classname="EsuperBill.Charge"/>
  <testcase name="verifyInsurancePopulation" time="1.046" classname="EsuperBill.Charge"/>
  <testcase name="verifyHadSimilarIllnessDropdown" time="0.913" classname="EsuperBill.Charge"/>
  <testcase name="validateRVUSorting" time="0.298" classname="EsuperBill.Charge"/>
  <testcase name="validateDiagnosisAndProcedures" time="0.322" classname="EsuperBill.Charge">
    <failure type="java.lang.AssertionError" message="Procedure do not appear on financial summary page expected [true] but found [false]">
      <![CDATA[java.lang.AssertionError: Procedure do not appear on financial summary page expected [true] but found [false]
	at org.testng.Assert.fail(Assert.java:94)
	at org.testng.Assert.failNotEquals(Assert.java:513)
	at org.testng.Assert.assertTrue(Assert.java:42)
	at EsuperBill.Charge.validateDiagnosisAndProcedures(Charge.java:5122)
	at sun.reflect.NativeMethodAccessorImpl.invoke0(Native Method)
	at sun.reflect.NativeMethodAccessorImpl.invoke(NativeMethodAccessorImpl.java:62)
	at sun.reflect.DelegatingMethodAccessorImpl.invoke(DelegatingMethodAccessorImpl.java:43)
	at java.lang.reflect.Method.invoke(Method.java:498)
	at org.testng.internal.MethodInvocationHelper.invokeMethod(MethodInvocationHelper.java:86)
	at org.testng.internal.Invoker.invokeMethod(Invoker.java:643)
	at org.testng.internal.Invoker.invokeTestMethod(Invoker.java:820)
	at org.testng.internal.Invoker.invokeTestMethods(Invoker.java:1128)
	at org.testng.internal.TestMethodWorker.invokeTestMethods(TestMethodWorker.java:129)
	at org.testng.internal.TestMethodWorker.run(TestMethodWorker.java:112)
	at org.testng.TestRunner.privateRun(TestRunner.java:782)
	at org.testng.TestRunner.run(TestRunner.java:632)
	at org.testng.SuiteRunner.runTest(SuiteRunner.java:366)
	at org.testng.SuiteRunner.runSequentially(SuiteRunner.java:361)
	at org.testng.SuiteRunner.privateRun(SuiteRunner.java:319)
	at org.testng.SuiteRunner.run(SuiteRunner.java:268)
	at org.testng.SuiteRunnerWorker.runSuite(SuiteRunnerWorker.java:52)
	at org.testng.SuiteRunnerWorker.run(SuiteRunnerWorker.java:86)
	at org.testng.TestNG.runSuitesSequentially(TestNG.java:1244)
	at org.testng.TestNG.runSuitesLocally(TestNG.java:1169)
	at org.testng.TestNG.run(TestNG.java:1064)
	at org.testng.remote.AbstractRemoteTestNG.run(AbstractRemoteTestNG.java:132)
	at org.testng.remote.RemoteTestNG.initAndRun(RemoteTestNG.java:230)
	at org.testng.remote.RemoteTestNG.main(RemoteTestNG.java:76)
]]>
    </failure>
  </testcase> <!-- validateDiagnosisAndProcedures -->
  <testcase name="verifyTemplateDataAutoPopulationOnGrid" time="24.768" classname="EsuperBill.Charge"/>
  <testcase name="verifyResponsiblePlanIDefaultInsurances" time="2.737" classname="EsuperBill.Charge"/>
  <testcase name="initiateElements" time="0.072" classname="EsuperBill.Charge"/>
  <testcase name="verifySaveDateOnChargeDropdown" time="2.588" classname="EsuperBill.Charge"/>
  <testcase name="validatingInsuranceTab" time="1.688" classname="EsuperBill.Charge"/>
  <testcase name="verifyFeeScheduleFeePopulation" time="2.979" classname="EsuperBill.Charge"/>
  <testcase name="verifyCaseInsuranceUpdation" time="0.973" classname="EsuperBill.Charge"/>
  <testcase name="verifyNDCPopup" time="23.674" classname="EsuperBill.Charge"/>
  <testcase name="verifyPopulatePANASDOSPrompt" time="151.526" classname="EsuperBill.Charge"/>
  <testcase name="verifyUpdatePOS41OnChargeAmbulanceSection" time="5.200" classname="EsuperBill.Charge"/>
  <testcase name="validateRVUSortingAlert" time="32.024" classname="EsuperBill.Charge"/>
  <testcase name="verifyClaimAtatchmentLink" time="1.960" classname="EsuperBill.Charge"/>
  <testcase name="verifyWriteOffBalance" time="44.728" classname="EsuperBill.Charge"/>
  <testcase name="verifyInsuranceReferralRequired" time="5.653" classname="EsuperBill.Charge"/>
  <testcase name="verifyPatientUnappliedAmount" time="98.960" classname="EsuperBill.Charge"/>
  <testcase name="verifyUploadFunctionality" time="24.133" classname="EsuperBill.Charge"/>
  <testcase name="verifySelectReferringProviderFromPopUp" time="25.450" classname="EsuperBill.Charge"/>
  <testcase name="verifyDatesPrecedence" time="2.833" classname="EsuperBill.Charge"/>
  <testcase name="verifyModifierPopup" time="22.809" classname="EsuperBill.Charge"/>
  <testcase name="verifyOrigRefDisabled" time="0.143" classname="EsuperBill.Charge"/>
  <testcase name="verifySearchInReferringproviderPopUp" time="72.693" classname="EsuperBill.Charge"/>
  <testcase name="verifyPopUponCopayPaid" time="9.289" classname="EsuperBill.Charge"/>
  <testcase name="verifyPlanBalance" time="2.178" classname="EsuperBill.Charge"/>
  <testcase name="verifyModifierAddedThroughPopup" time="8.033" classname="EsuperBill.Charge"/>
  <testcase name="verifyNDCOnClick" time="0.858" classname="EsuperBill.Charge"/>
  <testcase name="verifyingModifierCount" time="2.141" classname="EsuperBill.Charge"/>
  <testcase name="verifySelectResourceApptSection" time="1.645" classname="EsuperBill.Charge"/>
  <testcase name="verifyFeeScheduleUnitbasedFeePopulation" time="1.391" classname="EsuperBill.Charge"/>
  <testcase name="verifyFeeScheduleCombination2" time="1.919" classname="EsuperBill.Charge"/>
  <testcase name="verifyReferralHyperLink" time="1.502" classname="EsuperBill.Charge"/>
  <testcase name="validatingPreferenceTab" time="2.091" classname="EsuperBill.Charge"/>
  <testcase name="verifySelectSpecProgCodesApptSection" time="1.168" classname="EsuperBill.Charge"/>
  <testcase name="verifyingModifierManualEntry" time="1.085" classname="EsuperBill.Charge"/>
  <testcase name="verifyingNDCUnits" time="0.820" classname="EsuperBill.Charge"/>
  <testcase name="verifyOrigRefEnabled" time="0.826" classname="EsuperBill.Charge"/>
  <testcase name="verifyTemplateSearchHeader" time="1.633" classname="EsuperBill.Charge"/>
  <testcase name="verifyUploadClaimAttachment" time="20.677" classname="EsuperBill.Charge"/>
  <testcase name="verifyNDC" time="22.130" classname="EsuperBill.Charge"/>
  <testcase name="verifyPopulateReferralASDOS" time="144.243" classname="EsuperBill.Charge"/>
  <testcase name="verifyNoFeeScheduleZeroFeePopulation" time="2.058" classname="EsuperBill.Charge"/>
  <testcase name="verifyPOSOnCharge" time="1.022" classname="EsuperBill.Charge"/>
  <testcase name="verifyPatientBalance" time="0.213" classname="EsuperBill.Charge"/>
  <testcase name="verifyClaimAttachmentvisibilityOnCharge" time="1.792" classname="EsuperBill.Charge"/>
  <testcase name="verifyingNDCCloseButtonFunctionality" time="4.212" classname="EsuperBill.Charge"/>
  <testcase name="verifyProgramCodeDropdownValues" time="0.446" classname="EsuperBill.Charge"/>
  <testcase name="verifyPatientPopup" time="44.081" classname="EsuperBill.Charge"/>
  <testcase name="verifyProviderFromEsuperbill" time="1.603" classname="EsuperBill.Charge"/>
  <testcase name="verifySaveDateFunctionality" time="2.657" classname="EsuperBill.Charge"/>
  <testcase name="verifyAcceptAssignmentCheckedInsurance" time="31.283" classname="EsuperBill.Charge"/>
  <testcase name="verifyFeeScheduleDollarPopPopulation" time="25.491" classname="EsuperBill.Charge"/>
  <testcase name="verifyORenderingProviderPopUp" time="44.325" classname="EsuperBill.Charge"/>
  <testcase name="verifyModifier" time="0.336" classname="EsuperBill.Charge"/>
  <testcase name="verifyDateDropdown" time="0.599" classname="EsuperBill.Charge"/>
  <testcase name="verifyAddendumText" time="1.841" classname="EsuperBill.Charge"/>
  <testcase name="validatingRestrictionTab" time="42.259" classname="EsuperBill.Charge"/>
  <testcase name="validatePaymentPage" time="25.334" classname="EsuperBill.Charge"/>
</testsuite> <!-- EsuperBill.Charge -->
