<?xml version="1.0" encoding="UTF-8"?>
<!-- Generated by org.testng.reporters.JUnitReportReporter -->
<testsuite hostname="CMDLHRLT104" name="EsuperBill.Templates" tests="70" failures="0" timestamp="20 Mar 2018 06:14:45 GMT" time="1606.834" errors="0">
  <testcase name="verifyTemplateDataAutoPopulationOnGrid" time="23.873" classname="EsuperBill.Templates"/>
  <testcase name="verifyMedicareCareReferringProviderPlanPrompt" time="59.630" classname="EsuperBill.Templates"/>
  <testcase name="verifySelectReferringProviderFromPopUp" time="26.209" classname="EsuperBill.Templates"/>
  <testcase name="verifyCaseSelection" time="1.195" classname="EsuperBill.Templates"/>
  <testcase name="verifyNameSearchChargetemplate" time="25.245" classname="EsuperBill.Templates"/>
  <testcase name="verifyTemplatePopUpDisplay" time="2.365" classname="EsuperBill.Templates"/>
  <testcase name="verifyUpdatePOS41OnChargeAmbulanceSection" time="4.166" classname="EsuperBill.Templates"/>
  <testcase name="verifyChargetemplateDataPopulationRepeatICD" time="66.269" classname="EsuperBill.Templates"/>
  <testcase name="verifyUpdatePOS41toPOS11ChargeAmbulanceSectionLostPrompt" time="1.399" classname="EsuperBill.Templates"/>
  <testcase name="verifyChargetemplatePOPUpClose" time="0.552" classname="EsuperBill.Templates"/>
  <testcase name="verifySaveResponsiblePlanNone" time="4.962" classname="EsuperBill.Templates"/>
  <testcase name="verifyDisplayCasesDropdownValues" time="0.240" classname="EsuperBill.Templates"/>
  <testcase name="verifyCaseInsuranceUpdation" time="0.830" classname="EsuperBill.Templates"/>
  <testcase name="verifyResponsiblePlanIDefaultInsurances" time="2.454" classname="EsuperBill.Templates"/>
  <testcase name="verifyPopulatePANASDOS" time="143.751" classname="EsuperBill.Templates"/>
  <testcase name="verifyRemoveButtononReferringProviderPopUp" time="21.835" classname="EsuperBill.Templates"/>
  <testcase name="verifySelectSpecProgCodesApptSection" time="0.841" classname="EsuperBill.Templates"/>
  <testcase name="verifyDuplicateClaimAttachment" time="28.113" classname="EsuperBill.Templates"/>
  <testcase name="verifySelectReasonApptSection" time="17.816" classname="EsuperBill.Templates"/>
  <testcase name="verifyReferringProviderPopulationDemographics" time="0.117" classname="EsuperBill.Templates"/>
  <testcase name="verifyOrigRefEnabled" time="0.734" classname="EsuperBill.Templates"/>
  <testcase name="verifySelectCaseLabelDetails" time="23.882" classname="EsuperBill.Templates"/>
  <testcase name="verifyFeeScheduleDollarPopPopulation" time="25.481" classname="EsuperBill.Templates"/>
  <testcase name="verifyOrigRefDisabled" time="0.134" classname="EsuperBill.Templates"/>
  <testcase name="verifySaveChargePOS21AdmisisonDate" time="77.828" classname="EsuperBill.Templates"/>
  <testcase name="verifySelectResourceApptSection" time="1.749" classname="EsuperBill.Templates"/>
  <testcase name="verifyFeeScheduleDollarSignNoRecord" time="22.400" classname="EsuperBill.Templates"/>
  <testcase name="verifyInsuranceReferralRequired" time="5.400" classname="EsuperBill.Templates"/>
  <testcase name="verifySaveResponsiblePlanPlanBalanceNone" time="11.926" classname="EsuperBill.Templates"/>
  <testcase name="verifyGlobalPeriodAlert" time="0.003" classname="EsuperBill.Templates"/>
  <testcase name="verifyPopulateReferralASDOSPrompt" time="141.268" classname="EsuperBill.Templates"/>
  <testcase name="verifyCloseCaseDetailPopUp" time="1.386" classname="EsuperBill.Templates"/>
  <testcase name="verifyPopulatePANASDOSPrompt" time="146.974" classname="EsuperBill.Templates"/>
  <testcase name="verifyProviderFromEsuperbill" time="1.434" classname="EsuperBill.Templates"/>
  <testcase name="verifyReferralHyperLink" time="1.652" classname="EsuperBill.Templates"/>
  <testcase name="verifyFeeScheduleCombination2" time="1.908" classname="EsuperBill.Templates"/>
  <testcase name="verifyTemplateDetailTabValidation" time="22.987" classname="EsuperBill.Templates"/>
  <testcase name="verifyFeeScheduleDollarSign" time="21.875" classname="EsuperBill.Templates"/>
  <testcase name="verifyPANHyperLink" time="1.992" classname="EsuperBill.Templates"/>
  <testcase name="verifyEnabledTemplateLink" time="0.133" classname="EsuperBill.Templates"/>
  <testcase name="verifyInsurancePopulation" time="1.156" classname="EsuperBill.Templates"/>
  <testcase name="verifyAcceptAssignmentUncheckedInsurance" time="38.852" classname="EsuperBill.Templates"/>
  <testcase name="verifyTemplateSearchHeader" time="1.736" classname="EsuperBill.Templates"/>
  <testcase name="verifySaveUploadedClaim" time="9.011" classname="EsuperBill.Templates"/>
  <testcase name="verifyChargetemplateDataPopulation" time="36.385" classname="EsuperBill.Templates"/>
  <testcase name="verifyCopayLabelClick" time="8.460" classname="EsuperBill.Templates"/>
  <testcase name="verifyFeeScheduleUnitbasedFeePopulation" time="1.382" classname="EsuperBill.Templates"/>
  <testcase name="verifyFeeScheduleCombination4" time="2.048" classname="EsuperBill.Templates"/>
  <testcase name="verifyClaimAttachmentDelete" time="27.004" classname="EsuperBill.Templates"/>
  <testcase name="verifyFeeScheduleFeePopulation" time="2.792" classname="EsuperBill.Templates"/>
  <testcase name="verifySearchInReferringproviderPopUp" time="72.185" classname="EsuperBill.Templates"/>
  <testcase name="verifyVisistsCount" time="27.616" classname="EsuperBill.Templates"/>
  <testcase name="verifyPOSOnCharge" time="0.808" classname="EsuperBill.Templates"/>
  <testcase name="verifyPopulateReferralASDOS" time="146.530" classname="EsuperBill.Templates"/>
  <testcase name="verifyFeeScheduleCombination3" time="1.919" classname="EsuperBill.Templates"/>
  <testcase name="verifyPopUponCopayPaid" time="8.773" classname="EsuperBill.Templates"/>
  <testcase name="verifyUpdatePOS21OnChargePrompt" time="41.416" classname="EsuperBill.Templates"/>
  <testcase name="verifyUploadClaimAttachment" time="21.290" classname="EsuperBill.Templates"/>
  <testcase name="verifyCasePopUpNoChange" time="0.657" classname="EsuperBill.Templates"/>
  <testcase name="verifyFeeScheduleCombination" time="2.193" classname="EsuperBill.Templates"/>
  <testcase name="verifyNoFeeScheduleZeroFeePopulation" time="1.679" classname="EsuperBill.Templates"/>
  <testcase name="verifyORenderingProviderPopUp" time="84.153" classname="EsuperBill.Templates"/>
  <testcase name="verifyPDFViewer" time="29.862" classname="EsuperBill.Templates"/>
  <testcase name="verifyClaimAttachmentvisibilityOnCharge" time="1.629" classname="EsuperBill.Templates"/>
  <testcase name="verifyDatesPrecedence" time="2.629" classname="EsuperBill.Templates"/>
  <testcase name="verifyMedicareCareReferringProviderPlanSave" time="54.689" classname="EsuperBill.Templates"/>
  <testcase name="verifyAcceptAssignmentCheckedInsurance" time="32.495" classname="EsuperBill.Templates"/>
  <testcase name="verifyClaimAtatchmentLink" time="1.080" classname="EsuperBill.Templates"/>
  <testcase name="verifyUpdatePOSOnCharge" time="1.568" classname="EsuperBill.Templates"/>
  <testcase name="verifyAddAddmissionDate" time="1.829" classname="EsuperBill.Templates"/>
</testsuite> <!-- EsuperBill.Templates -->
