<?xml version="1.0" encoding="UTF-8"?>
<!-- Generated by org.testng.reporters.JUnitReportReporter -->
<testsuite hostname="CMDLHRLT104" name="providerNote.SocialHx" tests="4" failures="0" timestamp="8 Jun 2018 11:03:40 GMT" time="582.919" errors="0">
  <testcase name="Applicationlogin" time="44.919" classname="providerNote.SocialHx"/>
  <testcase name="verifySocialHxinactive" time="96.518" classname="providerNote.SocialHx"/>
  <testcase name="AddPatient" time="334.080" classname="providerNote.SocialHx"/>
  <testcase name="verifyHistorysaved" time="107.402" classname="providerNote.SocialHx"/>
</testsuite> <!-- providerNote.SocialHx -->
