<?xml version="1.0" encoding="UTF-8"?>
<!-- Generated by org.testng.reporters.JUnitReportReporter -->
<testsuite hostname="CMDLHRLT104" name="Scheduling.Scheduling" tests="71" failures="0" timestamp="28 May 2018 09:38:33 GMT" time="1462.246" errors="0">
  <testcase name="verifyTransportStatus" time="4.717" classname="Scheduling.Scheduling"/>
  <testcase name="Opening_browser" time="18.681" classname="Scheduling.Scheduling"/>
  <testcase name="verifyIcon" time="0.129" classname="Scheduling.Scheduling"/>
  <testcase name="verifyReasonTextfield" time="4.491" classname="Scheduling.Scheduling"/>
  <testcase name="verifyBookAppointmentTransport" time="16.168" classname="Scheduling.Scheduling"/>
  <testcase name="verifyRecurrenceDropdown" time="0.535" classname="Scheduling.Scheduling"/>
  <testcase name="verifyTabs" time="1.644" classname="Scheduling.Scheduling"/>
  <testcase name="verifyTransportStatusEnable" time="1.031" classname="Scheduling.Scheduling"/>
  <testcase name="verifyCommentFieldCharacters" time="0.240" classname="Scheduling.Scheduling"/>
  <testcase name="ApptHistoryLabel" time="0.142" classname="Scheduling.Scheduling"/>
  <testcase name="HighPriorityApptNoteToolTip" time="0.189" classname="Scheduling.Scheduling"/>
  <testcase name="WaitingListOptionNormal" time="36.186" classname="Scheduling.Scheduling"/>
  <testcase name="ValidatingReferringprovider" time="0.273" classname="Scheduling.Scheduling"/>
  <testcase name="verifyInsuranceDropdown" time="49.540" classname="Scheduling.Scheduling"/>
  <testcase name="Reasondropdown" time="0.241" classname="Scheduling.Scheduling"/>
  <testcase name="WaitingListOptionHigh" time="36.250" classname="Scheduling.Scheduling"/>
  <testcase name="ReasonPrompt" time="24.404" classname="Scheduling.Scheduling"/>
  <testcase name="VerifyCommentfield" time="0.312" classname="Scheduling.Scheduling"/>
  <testcase name="ValidatingRefProvider" time="62.471" classname="Scheduling.Scheduling"/>
  <testcase name="verifyRecurrenceSection" time="2.003" classname="Scheduling.Scheduling"/>
  <testcase name="nineStatuses" time="2.598" classname="Scheduling.Scheduling"/>
  <testcase name="ApptHistoryIcon" time="1.095" classname="Scheduling.Scheduling"/>
  <testcase name="verifyPatientBanner" time="31.247" classname="Scheduling.Scheduling"/>
  <testcase name="login" time="64.830" classname="Scheduling.Scheduling"/>
  <testcase name="ValidatingEmialpopup" time="8.388" classname="Scheduling.Scheduling"/>
  <testcase name="ValidatingBalance" time="0.462" classname="Scheduling.Scheduling"/>
  <testcase name="NormalPriorityApptNoteToolTip1" time="0.012" classname="Scheduling.Scheduling"/>
  <testcase name="verifyNoteDropdownValue" time="0.622" classname="Scheduling.Scheduling"/>
  <testcase name="ValidatingStatusdropdownValues" time="0.793" classname="Scheduling.Scheduling"/>
  <testcase name="NormalPriorityApptNote" time="0.335" classname="Scheduling.Scheduling"/>
  <testcase name="ValidatingPatAmount" time="0.263" classname="Scheduling.Scheduling"/>
  <testcase name="verifyInsuranceArrow" time="0.385" classname="Scheduling.Scheduling"/>
  <testcase name="verifyTransportDropdown" time="0.249" classname="Scheduling.Scheduling"/>
  <testcase name="verifyTransportDropdownValue" time="0.852" classname="Scheduling.Scheduling"/>
  <testcase name="Confirmedoption" time="37.506" classname="Scheduling.Scheduling"/>
  <testcase name="AddPatient" time="300.939" classname="Scheduling.Scheduling"/>
  <testcase name="Schadule" time="294.166" classname="Scheduling.Scheduling"/>
  <testcase name="ValidatingScheduledoption" time="0.695" classname="Scheduling.Scheduling"/>
  <testcase name="verifyTransportStatusValue" time="0.646" classname="Scheduling.Scheduling"/>
  <testcase name="Creating_Case" time="28.901" classname="Scheduling.Scheduling"/>
  <testcase name="NormalPriorityApptNoteToolTip" time="0.230" classname="Scheduling.Scheduling"/>
  <testcase name="verifyLabelAndTime" time="2.192" classname="Scheduling.Scheduling"/>
  <testcase name="LowPriorityApptNoteToolTip" time="0.215" classname="Scheduling.Scheduling"/>
  <testcase name="verifyCaseDropdown" time="76.386" classname="Scheduling.Scheduling"/>
  <testcase name="verifyRadioButtons" time="1.029" classname="Scheduling.Scheduling"/>
  <testcase name="verifyDropdownValue" time="0.643" classname="Scheduling.Scheduling"/>
  <testcase name="LowPriorityApptNoteToolTip1" time="1.966" classname="Scheduling.Scheduling"/>
  <testcase name="ValidatingPhoneNo" time="0.482" classname="Scheduling.Scheduling"/>
  <testcase name="verifyAddReasonIcon" time="64.726" classname="Scheduling.Scheduling"/>
  <testcase name="verifyInsuranceCheckboxdisabled" time="1.314" classname="Scheduling.Scheduling"/>
  <testcase name="verifyInsuranceExpand" time="3.388" classname="Scheduling.Scheduling"/>
  <testcase name="scheduledOption" time="11.181" classname="Scheduling.Scheduling"/>
  <testcase name="verifyCommentCharacters" time="6.677" classname="Scheduling.Scheduling"/>
  <testcase name="verifyNoteTemplate" time="0.253" classname="Scheduling.Scheduling"/>
  <testcase name="HighPriorityApptNote" time="25.832" classname="Scheduling.Scheduling"/>
  <testcase name="verifyTransportStatusDisable" time="0.230" classname="Scheduling.Scheduling"/>
  <testcase name="patnameToolTip" time="32.796" classname="Scheduling.Scheduling"/>
  <testcase name="ValidatingGenderAccountNo" time="66.940" classname="Scheduling.Scheduling"/>
  <testcase name="HighPriorityApptNoteToolTip2" time="0.198" classname="Scheduling.Scheduling"/>
  <testcase name="verifyDuration" time="6.869" classname="Scheduling.Scheduling"/>
  <testcase name="verifyCaseDropdownValue" time="0.691" classname="Scheduling.Scheduling"/>
  <testcase name="verifyInsuranceHide" time="1.309" classname="Scheduling.Scheduling"/>
  <testcase name="verifydateAndTime" time="2.015" classname="Scheduling.Scheduling"/>
  <testcase name="ValidatingEmail" time="0.263" classname="Scheduling.Scheduling"/>
  <testcase name="ReasonDefault" time="0.766" classname="Scheduling.Scheduling"/>
  <testcase name="verifyDurationChange" time="3.110" classname="Scheduling.Scheduling"/>
  <testcase name="verifyBookingSlider" time="3.076" classname="Scheduling.Scheduling"/>
  <testcase name="verifyInsuranceCheckboxenabled" time="1.609" classname="Scheduling.Scheduling"/>
  <testcase name="verifyAddReason" time="11.002" classname="Scheduling.Scheduling"/>
  <testcase name="LowPriorityApptNote" time="0.231" classname="Scheduling.Scheduling"/>
  <testcase name="ApptNoteData" time="99.996" classname="Scheduling.Scheduling"/>
</testsuite> <!-- Scheduling.Scheduling -->
