<?xml version="1.0" encoding="UTF-8"?>
<!-- Generated by org.testng.reporters.JUnitReportReporter -->
<testsuite hostname="CMDLHRLT104" name="providerNote.ConsultationOrder" tests="10" failures="0" timestamp="8 Jun 2018 12:27:49 GMT" time="714.865" errors="0">
  <testcase name="VerifyProviderDropdown" time="1.492" classname="providerNote.ConsultationOrder"/>
  <testcase name="VerifyPreviousButtonFunctionality" time="25.724" classname="providerNote.ConsultationOrder"/>
  <testcase name="VerifySoapTextOnNote" time="11.502" classname="providerNote.ConsultationOrder"/>
  <testcase name="VerifyProcedureAdd" time="4.628" classname="providerNote.ConsultationOrder"/>
  <testcase name="VerifyNextButtonFunctionality" time="37.111" classname="providerNote.ConsultationOrder"/>
  <testcase name="verifyLeftTreeConsultationOrder" time="113.161" classname="providerNote.ConsultationOrder"/>
  <testcase name="Applicationlogin" time="49.853" classname="providerNote.ConsultationOrder"/>
  <testcase name="AddPatient" time="356.678" classname="providerNote.ConsultationOrder"/>
  <testcase name="VerifyDiagnoseAdd" time="72.844" classname="providerNote.ConsultationOrder"/>
  <testcase name="VerifySaveAndAcceptButton" time="41.872" classname="providerNote.ConsultationOrder"/>
</testsuite> <!-- providerNote.ConsultationOrder -->
