<?xml version="1.0" encoding="UTF-8"?>
<!-- Generated by org.testng.reporters.JUnitReportReporter -->
<testsuite hostname="Sulehria" failures="0" tests="4" name="Assign.Zameen_Assignment" time="39.157" errors="0" timestamp="30 Mar 2021 18:34:02 GMT" skipped="0">
  <testcase classname="Assign.Zameen_Assignment" name="preRec" time="11.984"/>
  <testcase classname="Assign.Zameen_Assignment" name="VerifyResultsMatchCriteria" time="6.344"/>
  <testcase classname="Assign.Zameen_Assignment" name="VerifyResultsAndDetailsMatchExtraCriteria" time="14.697"/>
  <testcase classname="Assign.Zameen_Assignment" name="VerifyPropOnMap" time="6.132"/>
</testsuite> <!-- Assign.Zameen_Assignment -->
