<?xml version="1.0" encoding="UTF-8"?>
<!-- Generated by org.testng.reporters.JUnitReportReporter -->
<testsuite hostname="CMDLHRLT104" name="providerNote.MedicalHx" tests="4" failures="0" timestamp="8 Jun 2018 09:59:44 GMT" time="628.471" errors="0">
  <testcase name="Applicationlogin" time="46.485" classname="providerNote.MedicalHx"/>
  <testcase name="verifyMadicalHxinactive" time="116.404" classname="providerNote.MedicalHx"/>
  <testcase name="AddPatient" time="329.057" classname="providerNote.MedicalHx"/>
  <testcase name="verifyMedicalHxsaved" time="136.525" classname="providerNote.MedicalHx"/>
</testsuite> <!-- providerNote.MedicalHx -->
