<?xml version="1.0" encoding="UTF-8"?>
<!-- Generated by org.testng.reporters.JUnitReportReporter -->
<testsuite hostname="CMDLHRLT104" name="Scheduling.Hyperloop" tests="3" failures="0" timestamp="1 Jun 2018 08:49:37 GMT" time="98.021" errors="0">
  <testcase name="Opening_browser" time="12.100" classname="Scheduling.Hyperloop"/>
  <testcase name="login" time="52.467" classname="Scheduling.Hyperloop"/>
  <testcase name="AddPatient" time="33.454" classname="Scheduling.Hyperloop"/>
</testsuite> <!-- Scheduling.Hyperloop -->
