<?xml version="1.0" encoding="UTF-8"?>
<!-- Generated by org.testng.reporters.JUnitReportReporter -->
<testsuite skipped="0" hostname="CMDLHRLT750" name="Rest.GetProviders" tests="676" failures="0" timestamp="03 Apr 2020 12:47:28 GMT" time="197.464" errors="0">
  <testcase name="GetProviderData" time="0.004" classname="Rest.GetProviders"/>
  <testcase name="GetProviderData" time="0.003" classname="Rest.GetProviders"/>
  <testcase name="GetProviderData" time="0.003" classname="Rest.GetProviders"/>
  <testcase name="GetProviderData" time="0.004" classname="Rest.GetProviders"/>
  <testcase name="GetProviderData" time="0.004" classname="Rest.GetProviders"/>
  <testcase name="GetProviderData" time="0.005" classname="Rest.GetProviders"/>
  <testcase name="GetProviderData" time="0.006" classname="Rest.GetProviders"/>
  <testcase name="GetProviderData" time="0.003" classname="Rest.GetProviders"/>
  <testcase name="GetProviderData" time="0.004" classname="Rest.GetProviders"/>
  <testcase name="GetProviderData" time="0.005" classname="Rest.GetProviders"/>
  <testcase name="GetProviderData" time="0.006" classname="Rest.GetProviders"/>
  <testcase name="GetProviderData" time="1.776" classname="Rest.GetProviders"/>
  <testcase name="GetProviderData" time="0.003" classname="Rest.GetProviders"/>
  <testcase name="GetProviderData" time="0.004" classname="Rest.GetProviders"/>
  <testcase name="GetProviderData" time="0.004" classname="Rest.GetProviders"/>
  <testcase name="GetProviderData" time="0.003" classname="Rest.GetProviders"/>
  <testcase name="GetProviderData" time="0.005" classname="Rest.GetProviders"/>
  <testcase name="GetProviderData" time="0.004" classname="Rest.GetProviders"/>
  <testcase name="GetProviderData" time="1.806" classname="Rest.GetProviders"/>
  <testcase name="GetProviderData" time="0.003" classname="Rest.GetProviders"/>
  <testcase name="GetProviderData" time="0.003" classname="Rest.GetProviders"/>
  <testcase name="GetProviderData" time="0.005" classname="Rest.GetProviders"/>
  <testcase name="GetProviderData" time="0.004" classname="Rest.GetProviders"/>
  <testcase name="GetProviderData" time="0.003" classname="Rest.GetProviders"/>
  <testcase name="GetProviderData" time="0.003" classname="Rest.GetProviders"/>
  <testcase name="GetProviderData" time="0.004" classname="Rest.GetProviders"/>
  <testcase name="GetProviderData" time="0.003" classname="Rest.GetProviders"/>
  <testcase name="GetProviderData" time="0.005" classname="Rest.GetProviders"/>
  <testcase name="GetProviderData" time="0.003" classname="Rest.GetProviders"/>
  <testcase name="GetProviderData" time="0.003" classname="Rest.GetProviders"/>
  <testcase name="GetProviderData" time="0.003" classname="Rest.GetProviders"/>
  <testcase name="GetProviderData" time="0.003" classname="Rest.GetProviders"/>
  <testcase name="GetProviderData" time="0.012" classname="Rest.GetProviders"/>
  <testcase name="GetProviderData" time="0.003" classname="Rest.GetProviders"/>
  <testcase name="GetProviderData" time="1.774" classname="Rest.GetProviders"/>
  <testcase name="GetProviderData" time="1.953" classname="Rest.GetProviders"/>
  <testcase name="GetProviderData" time="0.004" classname="Rest.GetProviders"/>
  <testcase name="GetProviderData" time="1.835" classname="Rest.GetProviders"/>
  <testcase name="GetProviderData" time="0.003" classname="Rest.GetProviders"/>
  <testcase name="GetProviderData" time="0.003" classname="Rest.GetProviders"/>
  <testcase name="GetProviderData" time="0.003" classname="Rest.GetProviders"/>
  <testcase name="GetProviderData" time="0.012" classname="Rest.GetProviders"/>
  <testcase name="GetProviderData" time="1.859" classname="Rest.GetProviders"/>
  <testcase name="GetProviderData" time="1.656" classname="Rest.GetProviders"/>
  <testcase name="GetProviderData" time="0.005" classname="Rest.GetProviders"/>
  <testcase name="GetProviderData" time="0.004" classname="Rest.GetProviders"/>
  <testcase name="GetProviderData" time="0.003" classname="Rest.GetProviders"/>
  <testcase name="GetProviderData" time="0.002" classname="Rest.GetProviders"/>
  <testcase name="GetProviderData" time="0.003" classname="Rest.GetProviders"/>
  <testcase name="GetProviderData" time="0.010" classname="Rest.GetProviders"/>
  <testcase name="GetProviderData" time="2.566" classname="Rest.GetProviders"/>
  <testcase name="GetProviderData" time="0.004" classname="Rest.GetProviders"/>
  <testcase name="GetProviderData" time="0.002" classname="Rest.GetProviders"/>
  <testcase name="GetProviderData" time="0.002" classname="Rest.GetProviders"/>
  <testcase name="GetProviderData" time="0.002" classname="Rest.GetProviders"/>
  <testcase name="GetProviderData" time="0.006" classname="Rest.GetProviders"/>
  <testcase name="GetProviderData" time="0.003" classname="Rest.GetProviders"/>
  <testcase name="GetProviderData" time="0.003" classname="Rest.GetProviders"/>
  <testcase name="GetProviderData" time="0.003" classname="Rest.GetProviders"/>
  <testcase name="GetProviderData" time="0.004" classname="Rest.GetProviders"/>
  <testcase name="GetProviderData" time="0.003" classname="Rest.GetProviders"/>
  <testcase name="GetProviderData" time="0.003" classname="Rest.GetProviders"/>
  <testcase name="GetProviderData" time="0.011" classname="Rest.GetProviders"/>
  <testcase name="GetProviderData" time="0.017" classname="Rest.GetProviders"/>
  <testcase name="GetProviderData" time="0.002" classname="Rest.GetProviders"/>
  <testcase name="GetProviderData" time="0.008" classname="Rest.GetProviders"/>
  <testcase name="GetProviderData" time="0.003" classname="Rest.GetProviders"/>
  <testcase name="GetProviderData" time="0.003" classname="Rest.GetProviders"/>
  <testcase name="GetProviderData" time="0.003" classname="Rest.GetProviders"/>
  <testcase name="GetProviderData" time="0.004" classname="Rest.GetProviders"/>
  <testcase name="GetProviderData" time="0.002" classname="Rest.GetProviders"/>
  <testcase name="GetProviderData" time="0.004" classname="Rest.GetProviders"/>
  <testcase name="GetProviderData" time="0.004" classname="Rest.GetProviders"/>
  <testcase name="GetProviderData" time="0.003" classname="Rest.GetProviders"/>
  <testcase name="GetProviderData" time="0.005" classname="Rest.GetProviders"/>
  <testcase name="GetProviderData" time="0.003" classname="Rest.GetProviders"/>
  <testcase name="GetProviderData" time="0.003" classname="Rest.GetProviders"/>
  <testcase name="GetProviderData" time="0.003" classname="Rest.GetProviders"/>
  <testcase name="GetProviderData" time="1.504" classname="Rest.GetProviders"/>
  <testcase name="GetProviderData" time="1.582" classname="Rest.GetProviders"/>
  <testcase name="GetProviderData" time="0.004" classname="Rest.GetProviders"/>
  <testcase name="GetProviderData" time="0.003" classname="Rest.GetProviders"/>
  <testcase name="GetProviderData" time="0.002" classname="Rest.GetProviders"/>
  <testcase name="GetProviderData" time="0.003" classname="Rest.GetProviders"/>
  <testcase name="GetProviderData" time="0.003" classname="Rest.GetProviders"/>
  <testcase name="GetProviderData" time="0.004" classname="Rest.GetProviders"/>
  <testcase name="GetProviderData" time="0.006" classname="Rest.GetProviders"/>
  <testcase name="GetProviderData" time="0.003" classname="Rest.GetProviders"/>
  <testcase name="GetProviderData" time="0.004" classname="Rest.GetProviders"/>
  <testcase name="GetProviderData" time="0.007" classname="Rest.GetProviders"/>
  <testcase name="GetProviderData" time="0.008" classname="Rest.GetProviders"/>
  <testcase name="GetProviderData" time="0.003" classname="Rest.GetProviders"/>
  <testcase name="GetProviderData" time="0.004" classname="Rest.GetProviders"/>
  <testcase name="GetProviderData" time="0.004" classname="Rest.GetProviders"/>
  <testcase name="GetProviderData" time="0.004" classname="Rest.GetProviders"/>
  <testcase name="GetProviderData" time="0.003" classname="Rest.GetProviders"/>
  <testcase name="GetProviderData" time="1.780" classname="Rest.GetProviders"/>
  <testcase name="GetProviderData" time="0.010" classname="Rest.GetProviders"/>
  <testcase name="GetProviderData" time="1.764" classname="Rest.GetProviders"/>
  <testcase name="GetProviderData" time="1.716" classname="Rest.GetProviders"/>
  <testcase name="GetProviderData" time="0.003" classname="Rest.GetProviders"/>
  <testcase name="GetProviderData" time="0.002" classname="Rest.GetProviders"/>
  <testcase name="GetProviderData" time="0.004" classname="Rest.GetProviders"/>
  <testcase name="GetProviderData" time="0.003" classname="Rest.GetProviders"/>
  <testcase name="GetProviderData" time="1.820" classname="Rest.GetProviders"/>
  <testcase name="GetProviderData" time="0.005" classname="Rest.GetProviders"/>
  <testcase name="GetProviderData" time="1.798" classname="Rest.GetProviders"/>
  <testcase name="GetProviderData" time="0.003" classname="Rest.GetProviders"/>
  <testcase name="GetProviderData" time="0.003" classname="Rest.GetProviders"/>
  <testcase name="GetProviderData" time="0.003" classname="Rest.GetProviders"/>
  <testcase name="GetProviderData" time="0.003" classname="Rest.GetProviders"/>
  <testcase name="GetProviderData" time="0.003" classname="Rest.GetProviders"/>
  <testcase name="GetProviderData" time="0.013" classname="Rest.GetProviders"/>
  <testcase name="GetProviderData" time="0.003" classname="Rest.GetProviders"/>
  <testcase name="GetProviderData" time="1.556" classname="Rest.GetProviders"/>
  <testcase name="GetProviderData" time="0.005" classname="Rest.GetProviders"/>
  <testcase name="GetProviderData" time="0.003" classname="Rest.GetProviders"/>
  <testcase name="GetProviderData" time="0.003" classname="Rest.GetProviders"/>
  <testcase name="GetProviderData" time="0.005" classname="Rest.GetProviders"/>
  <testcase name="GetProviderData" time="0.004" classname="Rest.GetProviders"/>
  <testcase name="GetProviderData" time="1.570" classname="Rest.GetProviders"/>
  <testcase name="GetProviderData" time="0.009" classname="Rest.GetProviders"/>
  <testcase name="GetProviderData" time="0.003" classname="Rest.GetProviders"/>
  <testcase name="GetProviderData" time="0.004" classname="Rest.GetProviders"/>
  <testcase name="GetProviderData" time="0.004" classname="Rest.GetProviders"/>
  <testcase name="GetProviderData" time="0.002" classname="Rest.GetProviders"/>
  <testcase name="GetProviderData" time="1.719" classname="Rest.GetProviders"/>
  <testcase name="GetProviderData" time="0.259" classname="Rest.GetProviders"/>
  <testcase name="GetProviderData" time="0.003" classname="Rest.GetProviders"/>
  <testcase name="GetProviderData" time="1.820" classname="Rest.GetProviders"/>
  <testcase name="GetProviderData" time="0.003" classname="Rest.GetProviders"/>
  <testcase name="GetProviderData" time="1.881" classname="Rest.GetProviders"/>
  <testcase name="GetProviderData" time="0.003" classname="Rest.GetProviders"/>
  <testcase name="GetProviderData" time="0.003" classname="Rest.GetProviders"/>
  <testcase name="GetProviderData" time="0.003" classname="Rest.GetProviders"/>
  <testcase name="GetProviderData" time="0.004" classname="Rest.GetProviders"/>
  <testcase name="GetProviderData" time="0.004" classname="Rest.GetProviders"/>
  <testcase name="GetProviderData" time="0.017" classname="Rest.GetProviders"/>
  <testcase name="GetProviderData" time="0.004" classname="Rest.GetProviders"/>
  <testcase name="GetProviderData" time="0.003" classname="Rest.GetProviders"/>
  <testcase name="GetProviderData" time="0.003" classname="Rest.GetProviders"/>
  <testcase name="GetProviderData" time="0.003" classname="Rest.GetProviders"/>
  <testcase name="GetProviderData" time="0.003" classname="Rest.GetProviders"/>
  <testcase name="GetProviderData" time="0.003" classname="Rest.GetProviders"/>
  <testcase name="GetProviderData" time="0.004" classname="Rest.GetProviders"/>
  <testcase name="GetProviderData" time="0.004" classname="Rest.GetProviders"/>
  <testcase name="GetProviderData" time="1.787" classname="Rest.GetProviders"/>
  <testcase name="GetProviderData" time="0.005" classname="Rest.GetProviders"/>
  <testcase name="GetProviderData" time="0.004" classname="Rest.GetProviders"/>
  <testcase name="GetProviderData" time="0.005" classname="Rest.GetProviders"/>
  <testcase name="GetProviderData" time="1.915" classname="Rest.GetProviders"/>
  <testcase name="GetProviderData" time="0.003" classname="Rest.GetProviders"/>
  <testcase name="GetProviderData" time="0.009" classname="Rest.GetProviders"/>
  <testcase name="GetProviderData" time="0.003" classname="Rest.GetProviders"/>
  <testcase name="GetProviderData" time="0.003" classname="Rest.GetProviders"/>
  <testcase name="GetProviderData" time="0.003" classname="Rest.GetProviders"/>
  <testcase name="GetProviderData" time="0.004" classname="Rest.GetProviders"/>
  <testcase name="GetProviderData" time="1.907" classname="Rest.GetProviders"/>
  <testcase name="GetProviderData" time="1.788" classname="Rest.GetProviders"/>
  <testcase name="GetProviderData" time="17.155" classname="Rest.GetProviders"/>
  <testcase name="GetProviderData" time="0.003" classname="Rest.GetProviders"/>
  <testcase name="GetProviderData" time="0.003" classname="Rest.GetProviders"/>
  <testcase name="GetProviderData" time="0.004" classname="Rest.GetProviders"/>
  <testcase name="GetProviderData" time="0.002" classname="Rest.GetProviders"/>
  <testcase name="GetProviderData" time="0.003" classname="Rest.GetProviders"/>
  <testcase name="GetProviderData" time="0.005" classname="Rest.GetProviders"/>
  <testcase name="GetProviderData" time="0.004" classname="Rest.GetProviders"/>
  <testcase name="GetProviderData" time="0.003" classname="Rest.GetProviders"/>
  <testcase name="GetProviderData" time="0.004" classname="Rest.GetProviders"/>
  <testcase name="GetProviderData" time="1.790" classname="Rest.GetProviders"/>
  <testcase name="GetProviderData" time="0.003" classname="Rest.GetProviders"/>
  <testcase name="GetProviderData" time="1.685" classname="Rest.GetProviders"/>
  <testcase name="GetProviderData" time="0.008" classname="Rest.GetProviders"/>
  <testcase name="GetProviderData" time="0.011" classname="Rest.GetProviders"/>
  <testcase name="GetProviderData" time="0.004" classname="Rest.GetProviders"/>
  <testcase name="GetProviderData" time="1.824" classname="Rest.GetProviders"/>
  <testcase name="GetProviderData" time="0.003" classname="Rest.GetProviders"/>
  <testcase name="GetProviderData" time="0.003" classname="Rest.GetProviders"/>
  <testcase name="GetProviderData" time="0.002" classname="Rest.GetProviders"/>
  <testcase name="GetProviderData" time="0.003" classname="Rest.GetProviders"/>
  <testcase name="GetProviderData" time="0.004" classname="Rest.GetProviders"/>
  <testcase name="GetProviderData" time="0.007" classname="Rest.GetProviders"/>
  <testcase name="GetProviderData" time="0.012" classname="Rest.GetProviders"/>
  <testcase name="GetProviderData" time="0.005" classname="Rest.GetProviders"/>
  <testcase name="GetProviderData" time="0.003" classname="Rest.GetProviders"/>
  <testcase name="GetProviderData" time="0.002" classname="Rest.GetProviders"/>
  <testcase name="GetProviderData" time="0.004" classname="Rest.GetProviders"/>
  <testcase name="GetProviderData" time="0.010" classname="Rest.GetProviders"/>
  <testcase name="GetProviderData" time="1.772" classname="Rest.GetProviders"/>
  <testcase name="GetProviderData" time="1.762" classname="Rest.GetProviders"/>
  <testcase name="GetProviderData" time="1.788" classname="Rest.GetProviders"/>
  <testcase name="GetProviderData" time="0.003" classname="Rest.GetProviders"/>
  <testcase name="GetProviderData" time="0.006" classname="Rest.GetProviders"/>
  <testcase name="GetProviderData" time="0.004" classname="Rest.GetProviders"/>
  <testcase name="GetProviderData" time="0.007" classname="Rest.GetProviders"/>
  <testcase name="GetProviderData" time="0.005" classname="Rest.GetProviders"/>
  <testcase name="GetProviderData" time="1.669" classname="Rest.GetProviders"/>
  <testcase name="GetProviderData" time="1.937" classname="Rest.GetProviders"/>
  <testcase name="GetProviderData" time="0.002" classname="Rest.GetProviders"/>
  <testcase name="GetProviderData" time="0.005" classname="Rest.GetProviders"/>
  <testcase name="GetProviderData" time="0.003" classname="Rest.GetProviders"/>
  <testcase name="GetProviderData" time="0.005" classname="Rest.GetProviders"/>
  <testcase name="GetProviderData" time="0.003" classname="Rest.GetProviders"/>
  <testcase name="GetProviderData" time="0.006" classname="Rest.GetProviders"/>
  <testcase name="GetProviderData" time="0.003" classname="Rest.GetProviders"/>
  <testcase name="GetProviderData" time="1.813" classname="Rest.GetProviders"/>
  <testcase name="GetProviderData" time="0.010" classname="Rest.GetProviders"/>
  <testcase name="GetProviderData" time="0.003" classname="Rest.GetProviders"/>
  <testcase name="GetProviderData" time="0.003" classname="Rest.GetProviders"/>
  <testcase name="GetProviderData" time="0.006" classname="Rest.GetProviders"/>
  <testcase name="GetProviderData" time="0.005" classname="Rest.GetProviders"/>
  <testcase name="GetProviderData" time="0.005" classname="Rest.GetProviders"/>
  <testcase name="GetProviderData" time="1.919" classname="Rest.GetProviders"/>
  <testcase name="GetProviderData" time="0.002" classname="Rest.GetProviders"/>
  <testcase name="GetProviderData" time="0.005" classname="Rest.GetProviders"/>
  <testcase name="GetProviderData" time="0.003" classname="Rest.GetProviders"/>
  <testcase name="GetProviderData" time="0.003" classname="Rest.GetProviders"/>
  <testcase name="GetProviderData" time="0.009" classname="Rest.GetProviders"/>
  <testcase name="GetProviderData" time="0.003" classname="Rest.GetProviders"/>
  <testcase name="GetProviderData" time="0.008" classname="Rest.GetProviders"/>
  <testcase name="GetProviderData" time="0.003" classname="Rest.GetProviders"/>
  <testcase name="GetProviderData" time="0.004" classname="Rest.GetProviders"/>
  <testcase name="GetProviderData" time="0.003" classname="Rest.GetProviders"/>
  <testcase name="GetProviderData" time="0.004" classname="Rest.GetProviders"/>
  <testcase name="GetProviderData" time="0.009" classname="Rest.GetProviders"/>
  <testcase name="GetProviderData" time="0.003" classname="Rest.GetProviders"/>
  <testcase name="GetProviderData" time="0.005" classname="Rest.GetProviders"/>
  <testcase name="GetProviderData" time="0.006" classname="Rest.GetProviders"/>
  <testcase name="GetProviderData" time="1.869" classname="Rest.GetProviders"/>
  <testcase name="GetProviderData" time="0.004" classname="Rest.GetProviders"/>
  <testcase name="GetProviderData" time="0.002" classname="Rest.GetProviders"/>
  <testcase name="GetProviderData" time="1.894" classname="Rest.GetProviders"/>
  <testcase name="GetProviderData" time="1.566" classname="Rest.GetProviders"/>
  <testcase name="GetProviderData" time="0.009" classname="Rest.GetProviders"/>
  <testcase name="GetProviderData" time="0.006" classname="Rest.GetProviders"/>
  <testcase name="GetProviderData" time="1.541" classname="Rest.GetProviders"/>
  <testcase name="GetProviderData" time="0.004" classname="Rest.GetProviders"/>
  <testcase name="GetProviderData" time="0.003" classname="Rest.GetProviders"/>
  <testcase name="GetProviderData" time="0.002" classname="Rest.GetProviders"/>
  <testcase name="GetProviderData" time="1.586" classname="Rest.GetProviders"/>
  <testcase name="GetProviderData" time="0.003" classname="Rest.GetProviders"/>
  <testcase name="GetProviderData" time="0.005" classname="Rest.GetProviders"/>
  <testcase name="GetProviderData" time="1.777" classname="Rest.GetProviders"/>
  <testcase name="GetProviderData" time="0.006" classname="Rest.GetProviders"/>
  <testcase name="GetProviderData" time="0.004" classname="Rest.GetProviders"/>
  <testcase name="GetProviderData" time="0.003" classname="Rest.GetProviders"/>
  <testcase name="GetProviderData" time="0.011" classname="Rest.GetProviders"/>
  <testcase name="GetProviderData" time="0.005" classname="Rest.GetProviders"/>
  <testcase name="GetProviderData" time="0.006" classname="Rest.GetProviders"/>
  <testcase name="GetProviderData" time="0.003" classname="Rest.GetProviders"/>
  <testcase name="GetProviderData" time="0.003" classname="Rest.GetProviders"/>
  <testcase name="GetProviderData" time="0.004" classname="Rest.GetProviders"/>
  <testcase name="GetProviderData" time="0.004" classname="Rest.GetProviders"/>
  <testcase name="GetProviderData" time="0.007" classname="Rest.GetProviders"/>
  <testcase name="GetProviderData" time="0.004" classname="Rest.GetProviders"/>
  <testcase name="GetProviderData" time="0.003" classname="Rest.GetProviders"/>
  <testcase name="GetProviderData" time="1.559" classname="Rest.GetProviders"/>
  <testcase name="GetProviderData" time="0.003" classname="Rest.GetProviders"/>
  <testcase name="GetProviderData" time="0.003" classname="Rest.GetProviders"/>
  <testcase name="GetProviderData" time="0.006" classname="Rest.GetProviders"/>
  <testcase name="GetProviderData" time="0.004" classname="Rest.GetProviders"/>
  <testcase name="GetProviderData" time="0.002" classname="Rest.GetProviders"/>
  <testcase name="GetProviderData" time="0.004" classname="Rest.GetProviders"/>
  <testcase name="GetProviderData" time="0.002" classname="Rest.GetProviders"/>
  <testcase name="GetProviderData" time="0.002" classname="Rest.GetProviders"/>
  <testcase name="GetProviderData" time="0.007" classname="Rest.GetProviders"/>
  <testcase name="GetProviderData" time="0.007" classname="Rest.GetProviders"/>
  <testcase name="GetProviderData" time="0.003" classname="Rest.GetProviders"/>
  <testcase name="GetProviderData" time="0.004" classname="Rest.GetProviders"/>
  <testcase name="GetProviderData" time="0.003" classname="Rest.GetProviders"/>
  <testcase name="GetProviderData" time="0.004" classname="Rest.GetProviders"/>
  <testcase name="GetProviderData" time="0.004" classname="Rest.GetProviders"/>
  <testcase name="GetProviderData" time="0.004" classname="Rest.GetProviders"/>
  <testcase name="GetProviderData" time="0.004" classname="Rest.GetProviders"/>
  <testcase name="GetProviderData" time="1.526" classname="Rest.GetProviders"/>
  <testcase name="GetProviderData" time="0.003" classname="Rest.GetProviders"/>
  <testcase name="GetProviderData" time="0.006" classname="Rest.GetProviders"/>
  <testcase name="GetProviderData" time="1.585" classname="Rest.GetProviders"/>
  <testcase name="GetProviderData" time="0.005" classname="Rest.GetProviders"/>
  <testcase name="GetProviderData" time="0.003" classname="Rest.GetProviders"/>
  <testcase name="GetProviderData" time="0.005" classname="Rest.GetProviders"/>
  <testcase name="GetProviderData" time="0.004" classname="Rest.GetProviders"/>
  <testcase name="GetProviderData" time="0.003" classname="Rest.GetProviders"/>
  <testcase name="GetProviderData" time="0.003" classname="Rest.GetProviders"/>
  <testcase name="GetProviderData" time="0.005" classname="Rest.GetProviders"/>
  <testcase name="GetProviderData" time="1.523" classname="Rest.GetProviders"/>
  <testcase name="GetProviderData" time="0.003" classname="Rest.GetProviders"/>
  <testcase name="GetProviderData" time="0.003" classname="Rest.GetProviders"/>
  <testcase name="GetProviderData" time="0.006" classname="Rest.GetProviders"/>
  <testcase name="GetProviderData" time="0.028" classname="Rest.GetProviders"/>
  <testcase name="GetProviderData" time="0.002" classname="Rest.GetProviders"/>
  <testcase name="GetProviderData" time="0.005" classname="Rest.GetProviders"/>
  <testcase name="GetProviderData" time="0.005" classname="Rest.GetProviders"/>
  <testcase name="GetProviderData" time="0.011" classname="Rest.GetProviders"/>
  <testcase name="GetProviderData" time="1.543" classname="Rest.GetProviders"/>
  <testcase name="GetProviderData" time="0.006" classname="Rest.GetProviders"/>
  <testcase name="GetProviderData" time="0.003" classname="Rest.GetProviders"/>
  <testcase name="GetProviderData" time="0.002" classname="Rest.GetProviders"/>
  <testcase name="GetProviderData" time="0.008" classname="Rest.GetProviders"/>
  <testcase name="GetProviderData" time="0.004" classname="Rest.GetProviders"/>
  <testcase name="GetProviderData" time="0.002" classname="Rest.GetProviders"/>
  <testcase name="GetProviderData" time="0.003" classname="Rest.GetProviders"/>
  <testcase name="GetProviderData" time="1.802" classname="Rest.GetProviders"/>
  <testcase name="GetProviderData" time="0.003" classname="Rest.GetProviders"/>
  <testcase name="GetProviderData" time="0.003" classname="Rest.GetProviders"/>
  <testcase name="GetProviderData" time="0.003" classname="Rest.GetProviders"/>
  <testcase name="GetProviderData" time="0.005" classname="Rest.GetProviders"/>
  <testcase name="GetProviderData" time="0.003" classname="Rest.GetProviders"/>
  <testcase name="GetProviderData" time="0.002" classname="Rest.GetProviders"/>
  <testcase name="GetProviderData" time="0.002" classname="Rest.GetProviders"/>
  <testcase name="GetProviderData" time="0.006" classname="Rest.GetProviders"/>
  <testcase name="GetProviderData" time="0.006" classname="Rest.GetProviders"/>
  <testcase name="GetProviderData" time="0.004" classname="Rest.GetProviders"/>
  <testcase name="GetProviderData" time="0.005" classname="Rest.GetProviders"/>
  <testcase name="GetProviderData" time="0.002" classname="Rest.GetProviders"/>
  <testcase name="GetProviderData" time="0.010" classname="Rest.GetProviders"/>
  <testcase name="GetProviderData" time="0.008" classname="Rest.GetProviders"/>
  <testcase name="GetProviderData" time="1.495" classname="Rest.GetProviders"/>
  <testcase name="GetProviderData" time="0.002" classname="Rest.GetProviders"/>
  <testcase name="GetProviderData" time="0.003" classname="Rest.GetProviders"/>
  <testcase name="GetProviderData" time="0.004" classname="Rest.GetProviders"/>
  <testcase name="GetProviderData" time="0.004" classname="Rest.GetProviders"/>
  <testcase name="GetProviderData" time="0.005" classname="Rest.GetProviders"/>
  <testcase name="GetProviderData" time="0.004" classname="Rest.GetProviders"/>
  <testcase name="GetProviderData" time="0.005" classname="Rest.GetProviders"/>
  <testcase name="GetProviderData" time="2.028" classname="Rest.GetProviders"/>
  <testcase name="GetProviderData" time="1.745" classname="Rest.GetProviders"/>
  <testcase name="GetProviderData" time="0.004" classname="Rest.GetProviders"/>
  <testcase name="GetProviderData" time="0.002" classname="Rest.GetProviders"/>
  <testcase name="GetProviderData" time="0.004" classname="Rest.GetProviders"/>
  <testcase name="GetProviderData" time="0.006" classname="Rest.GetProviders"/>
  <testcase name="GetProviderData" time="0.006" classname="Rest.GetProviders"/>
  <testcase name="GetProviderData" time="1.718" classname="Rest.GetProviders"/>
  <testcase name="GetProviderData" time="0.003" classname="Rest.GetProviders"/>
  <testcase name="GetProviderData" time="0.004" classname="Rest.GetProviders"/>
  <testcase name="GetProviderData" time="0.005" classname="Rest.GetProviders"/>
  <testcase name="GetProviderData" time="0.004" classname="Rest.GetProviders"/>
  <testcase name="GetProviderData" time="0.004" classname="Rest.GetProviders"/>
  <testcase name="GetProviderData" time="0.003" classname="Rest.GetProviders"/>
  <testcase name="GetProviderData" time="0.006" classname="Rest.GetProviders"/>
  <testcase name="GetProviderData" time="0.004" classname="Rest.GetProviders"/>
  <testcase name="GetProviderData" time="0.002" classname="Rest.GetProviders"/>
  <testcase name="GetProviderData" time="0.003" classname="Rest.GetProviders"/>
  <testcase name="GetProviderData" time="1.775" classname="Rest.GetProviders"/>
  <testcase name="GetProviderData" time="0.009" classname="Rest.GetProviders"/>
  <testcase name="GetProviderData" time="0.003" classname="Rest.GetProviders"/>
  <testcase name="GetProviderData" time="0.003" classname="Rest.GetProviders"/>
  <testcase name="GetProviderData" time="0.003" classname="Rest.GetProviders"/>
  <testcase name="GetProviderData" time="0.009" classname="Rest.GetProviders"/>
  <testcase name="GetProviderData" time="0.003" classname="Rest.GetProviders"/>
  <testcase name="GetProviderData" time="0.003" classname="Rest.GetProviders"/>
  <testcase name="GetProviderData" time="0.004" classname="Rest.GetProviders"/>
  <testcase name="GetProviderData" time="0.004" classname="Rest.GetProviders"/>
  <testcase name="GetProviderData" time="0.003" classname="Rest.GetProviders"/>
  <testcase name="GetProviderData" time="0.004" classname="Rest.GetProviders"/>
  <testcase name="GetProviderData" time="0.002" classname="Rest.GetProviders"/>
  <testcase name="GetProviderData" time="0.004" classname="Rest.GetProviders"/>
  <testcase name="GetProviderData" time="0.003" classname="Rest.GetProviders"/>
  <testcase name="GetProviderData" time="0.004" classname="Rest.GetProviders"/>
  <testcase name="GetProviderData" time="0.012" classname="Rest.GetProviders"/>
  <testcase name="GetProviderData" time="0.003" classname="Rest.GetProviders"/>
  <testcase name="GetProviderData" time="0.003" classname="Rest.GetProviders"/>
  <testcase name="GetProviderData" time="0.005" classname="Rest.GetProviders"/>
  <testcase name="GetProviderData" time="0.004" classname="Rest.GetProviders"/>
  <testcase name="GetProviderData" time="0.004" classname="Rest.GetProviders"/>
  <testcase name="GetProviderData" time="2.002" classname="Rest.GetProviders"/>
  <testcase name="GetProviderData" time="0.004" classname="Rest.GetProviders"/>
  <testcase name="GetProviderData" time="0.004" classname="Rest.GetProviders"/>
  <testcase name="GetProviderData" time="0.004" classname="Rest.GetProviders"/>
  <testcase name="GetProviderData" time="0.003" classname="Rest.GetProviders"/>
  <testcase name="GetProviderData" time="0.005" classname="Rest.GetProviders"/>
  <testcase name="GetProviderData" time="1.791" classname="Rest.GetProviders"/>
  <testcase name="GetProviderData" time="0.003" classname="Rest.GetProviders"/>
  <testcase name="GetProviderData" time="0.004" classname="Rest.GetProviders"/>
  <testcase name="GetProviderData" time="0.003" classname="Rest.GetProviders"/>
  <testcase name="GetProviderData" time="0.003" classname="Rest.GetProviders"/>
  <testcase name="GetProviderData" time="1.512" classname="Rest.GetProviders"/>
  <testcase name="GetProviderData" time="0.003" classname="Rest.GetProviders"/>
  <testcase name="GetProviderData" time="0.003" classname="Rest.GetProviders"/>
  <testcase name="GetProviderData" time="1.556" classname="Rest.GetProviders"/>
  <testcase name="GetProviderData" time="0.004" classname="Rest.GetProviders"/>
  <testcase name="GetProviderData" time="0.005" classname="Rest.GetProviders"/>
  <testcase name="GetProviderData" time="0.005" classname="Rest.GetProviders"/>
  <testcase name="GetProviderData" time="0.003" classname="Rest.GetProviders"/>
  <testcase name="GetProviderData" time="0.003" classname="Rest.GetProviders"/>
  <testcase name="GetProviderData" time="0.012" classname="Rest.GetProviders"/>
  <testcase name="GetProviderData" time="0.003" classname="Rest.GetProviders"/>
  <testcase name="GetProviderData" time="0.006" classname="Rest.GetProviders"/>
  <testcase name="GetProviderData" time="0.012" classname="Rest.GetProviders"/>
  <testcase name="GetProviderData" time="0.003" classname="Rest.GetProviders"/>
  <testcase name="GetProviderData" time="0.003" classname="Rest.GetProviders"/>
  <testcase name="GetProviderData" time="0.003" classname="Rest.GetProviders"/>
  <testcase name="GetProviderData" time="0.007" classname="Rest.GetProviders"/>
  <testcase name="GetProviderData" time="0.004" classname="Rest.GetProviders"/>
  <testcase name="GetProviderData" time="0.006" classname="Rest.GetProviders"/>
  <testcase name="GetProviderData" time="1.808" classname="Rest.GetProviders"/>
  <testcase name="GetProviderData" time="0.002" classname="Rest.GetProviders"/>
  <testcase name="GetProviderData" time="1.565" classname="Rest.GetProviders"/>
  <testcase name="GetProviderData" time="0.006" classname="Rest.GetProviders"/>
  <testcase name="GetProviderData" time="0.005" classname="Rest.GetProviders"/>
  <testcase name="GetProviderData" time="0.004" classname="Rest.GetProviders"/>
  <testcase name="GetProviderData" time="0.008" classname="Rest.GetProviders"/>
  <testcase name="GetProviderData" time="0.003" classname="Rest.GetProviders"/>
  <testcase name="GetProviderData" time="1.740" classname="Rest.GetProviders"/>
  <testcase name="GetProviderData" time="0.003" classname="Rest.GetProviders"/>
  <testcase name="GetProviderData" time="0.003" classname="Rest.GetProviders"/>
  <testcase name="GetProviderData" time="0.003" classname="Rest.GetProviders"/>
  <testcase name="GetProviderData" time="0.004" classname="Rest.GetProviders"/>
  <testcase name="GetProviderData" time="0.002" classname="Rest.GetProviders"/>
  <testcase name="GetProviderData" time="0.005" classname="Rest.GetProviders"/>
  <testcase name="GetProviderData" time="0.005" classname="Rest.GetProviders"/>
  <testcase name="GetProviderData" time="0.003" classname="Rest.GetProviders"/>
  <testcase name="GetProviderData" time="0.004" classname="Rest.GetProviders"/>
  <testcase name="GetProviderData" time="0.003" classname="Rest.GetProviders"/>
  <testcase name="GetProviderData" time="0.005" classname="Rest.GetProviders"/>
  <testcase name="GetProviderData" time="0.005" classname="Rest.GetProviders"/>
  <testcase name="GetProviderData" time="1.946" classname="Rest.GetProviders"/>
  <testcase name="GetProviderData" time="0.004" classname="Rest.GetProviders"/>
  <testcase name="GetProviderData" time="0.003" classname="Rest.GetProviders"/>
  <testcase name="GetProviderData" time="1.763" classname="Rest.GetProviders"/>
  <testcase name="GetProviderData" time="0.005" classname="Rest.GetProviders"/>
  <testcase name="GetProviderData" time="0.004" classname="Rest.GetProviders"/>
  <testcase name="GetProviderData" time="1.834" classname="Rest.GetProviders"/>
  <testcase name="GetProviderData" time="0.006" classname="Rest.GetProviders"/>
  <testcase name="GetProviderData" time="0.009" classname="Rest.GetProviders"/>
  <testcase name="GetProviderData" time="0.004" classname="Rest.GetProviders"/>
  <testcase name="GetProviderData" time="0.012" classname="Rest.GetProviders"/>
  <testcase name="GetProviderData" time="1.672" classname="Rest.GetProviders"/>
  <testcase name="GetProviderData" time="0.004" classname="Rest.GetProviders"/>
  <testcase name="GetProviderData" time="0.003" classname="Rest.GetProviders"/>
  <testcase name="GetProviderData" time="0.008" classname="Rest.GetProviders"/>
  <testcase name="GetProviderData" time="0.003" classname="Rest.GetProviders"/>
  <testcase name="GetProviderData" time="0.003" classname="Rest.GetProviders"/>
  <testcase name="GetProviderData" time="1.814" classname="Rest.GetProviders"/>
  <testcase name="GetProviderData" time="0.008" classname="Rest.GetProviders"/>
  <testcase name="GetProviderData" time="0.008" classname="Rest.GetProviders"/>
  <testcase name="GetProviderData" time="0.003" classname="Rest.GetProviders"/>
  <testcase name="GetProviderData" time="0.005" classname="Rest.GetProviders"/>
  <testcase name="GetProviderData" time="0.004" classname="Rest.GetProviders"/>
  <testcase name="GetProviderData" time="0.003" classname="Rest.GetProviders"/>
  <testcase name="GetProviderData" time="0.003" classname="Rest.GetProviders"/>
  <testcase name="GetProviderData" time="0.005" classname="Rest.GetProviders"/>
  <testcase name="GetProviderData" time="0.005" classname="Rest.GetProviders"/>
  <testcase name="GetProviderData" time="0.004" classname="Rest.GetProviders"/>
  <testcase name="GetProviderData" time="0.005" classname="Rest.GetProviders"/>
  <testcase name="GetProviderData" time="0.004" classname="Rest.GetProviders"/>
  <testcase name="GetProviderData" time="0.006" classname="Rest.GetProviders"/>
  <testcase name="GetProviderData" time="0.003" classname="Rest.GetProviders"/>
  <testcase name="GetProviderData" time="0.003" classname="Rest.GetProviders"/>
  <testcase name="GetProviderData" time="0.003" classname="Rest.GetProviders"/>
  <testcase name="GetProviderData" time="0.002" classname="Rest.GetProviders"/>
  <testcase name="GetProviderData" time="0.005" classname="Rest.GetProviders"/>
  <testcase name="GetProviderData" time="0.003" classname="Rest.GetProviders"/>
  <testcase name="GetProviderData" time="0.008" classname="Rest.GetProviders"/>
  <testcase name="GetProviderData" time="0.010" classname="Rest.GetProviders"/>
  <testcase name="GetProviderData" time="0.003" classname="Rest.GetProviders"/>
  <testcase name="GetProviderData" time="0.004" classname="Rest.GetProviders"/>
  <testcase name="GetProviderData" time="0.005" classname="Rest.GetProviders"/>
  <testcase name="GetProviderData" time="0.003" classname="Rest.GetProviders"/>
  <testcase name="GetProviderData" time="0.005" classname="Rest.GetProviders"/>
  <testcase name="GetProviderData" time="0.006" classname="Rest.GetProviders"/>
  <testcase name="GetProviderData" time="0.006" classname="Rest.GetProviders"/>
  <testcase name="GetProviderData" time="0.003" classname="Rest.GetProviders"/>
  <testcase name="GetProviderData" time="0.003" classname="Rest.GetProviders"/>
  <testcase name="GetProviderData" time="0.006" classname="Rest.GetProviders"/>
  <testcase name="GetProviderData" time="0.003" classname="Rest.GetProviders"/>
  <testcase name="GetProviderData" time="0.003" classname="Rest.GetProviders"/>
  <testcase name="GetProviderData" time="0.004" classname="Rest.GetProviders"/>
  <testcase name="GetProviderData" time="0.004" classname="Rest.GetProviders"/>
  <testcase name="GetProviderData" time="0.003" classname="Rest.GetProviders"/>
  <testcase name="GetProviderData" time="1.604" classname="Rest.GetProviders"/>
  <testcase name="GetProviderData" time="0.004" classname="Rest.GetProviders"/>
  <testcase name="GetProviderData" time="0.003" classname="Rest.GetProviders"/>
  <testcase name="GetProviderData" time="1.922" classname="Rest.GetProviders"/>
  <testcase name="GetProviderData" time="1.776" classname="Rest.GetProviders"/>
  <testcase name="GetProviderData" time="1.776" classname="Rest.GetProviders"/>
  <testcase name="GetProviderData" time="0.004" classname="Rest.GetProviders"/>
  <testcase name="GetProviderData" time="0.005" classname="Rest.GetProviders"/>
  <testcase name="GetProviderData" time="0.004" classname="Rest.GetProviders"/>
  <testcase name="GetProviderData" time="0.003" classname="Rest.GetProviders"/>
  <testcase name="GetProviderData" time="0.004" classname="Rest.GetProviders"/>
  <testcase name="GetProviderData" time="0.005" classname="Rest.GetProviders"/>
  <testcase name="GetProviderData" time="0.003" classname="Rest.GetProviders"/>
  <testcase name="GetProviderData" time="0.011" classname="Rest.GetProviders"/>
  <testcase name="GetProviderData" time="0.003" classname="Rest.GetProviders"/>
  <testcase name="GetProviderData" time="1.516" classname="Rest.GetProviders"/>
  <testcase name="GetProviderData" time="0.003" classname="Rest.GetProviders"/>
  <testcase name="GetProviderData" time="0.003" classname="Rest.GetProviders"/>
  <testcase name="GetProviderData" time="0.006" classname="Rest.GetProviders"/>
  <testcase name="GetProviderData" time="0.003" classname="Rest.GetProviders"/>
  <testcase name="GetProviderData" time="1.763" classname="Rest.GetProviders"/>
  <testcase name="GetProviderData" time="0.003" classname="Rest.GetProviders"/>
  <testcase name="GetProviderData" time="0.004" classname="Rest.GetProviders"/>
  <testcase name="GetProviderData" time="0.003" classname="Rest.GetProviders"/>
  <testcase name="GetProviderData" time="0.003" classname="Rest.GetProviders"/>
  <testcase name="GetProviderData" time="0.003" classname="Rest.GetProviders"/>
  <testcase name="GetProviderData" time="0.003" classname="Rest.GetProviders"/>
  <testcase name="GetProviderData" time="0.007" classname="Rest.GetProviders"/>
  <testcase name="GetProviderData" time="0.004" classname="Rest.GetProviders"/>
  <testcase name="GetProviderData" time="0.003" classname="Rest.GetProviders"/>
  <testcase name="GetProviderData" time="0.007" classname="Rest.GetProviders"/>
  <testcase name="GetProviderData" time="1.521" classname="Rest.GetProviders"/>
  <testcase name="GetProviderData" time="0.005" classname="Rest.GetProviders"/>
  <testcase name="GetProviderData" time="0.003" classname="Rest.GetProviders"/>
  <testcase name="GetProviderData" time="0.003" classname="Rest.GetProviders"/>
  <testcase name="GetProviderData" time="0.003" classname="Rest.GetProviders"/>
  <testcase name="GetProviderData" time="0.004" classname="Rest.GetProviders"/>
  <testcase name="GetProviderData" time="0.005" classname="Rest.GetProviders"/>
  <testcase name="GetProviderData" time="0.002" classname="Rest.GetProviders"/>
  <testcase name="GetProviderData" time="0.002" classname="Rest.GetProviders"/>
  <testcase name="GetProviderData" time="0.004" classname="Rest.GetProviders"/>
  <testcase name="GetProviderData" time="0.004" classname="Rest.GetProviders"/>
  <testcase name="GetProviderData" time="0.003" classname="Rest.GetProviders"/>
  <testcase name="GetProviderData" time="0.003" classname="Rest.GetProviders"/>
  <testcase name="GetProviderData" time="0.003" classname="Rest.GetProviders"/>
  <testcase name="GetProviderData" time="0.004" classname="Rest.GetProviders"/>
  <testcase name="GetProviderData" time="0.003" classname="Rest.GetProviders"/>
  <testcase name="GetProviderData" time="0.006" classname="Rest.GetProviders"/>
  <testcase name="GetProviderData" time="0.003" classname="Rest.GetProviders"/>
  <testcase name="GetProviderData" time="0.003" classname="Rest.GetProviders"/>
  <testcase name="GetProviderData" time="0.005" classname="Rest.GetProviders"/>
  <testcase name="GetProviderData" time="0.012" classname="Rest.GetProviders"/>
  <testcase name="GetProviderData" time="0.004" classname="Rest.GetProviders"/>
  <testcase name="GetProviderData" time="0.007" classname="Rest.GetProviders"/>
  <testcase name="GetProviderData" time="0.003" classname="Rest.GetProviders"/>
  <testcase name="GetProviderData" time="1.520" classname="Rest.GetProviders"/>
  <testcase name="GetProviderData" time="0.005" classname="Rest.GetProviders"/>
  <testcase name="GetProviderData" time="1.788" classname="Rest.GetProviders"/>
  <testcase name="GetProviderData" time="0.007" classname="Rest.GetProviders"/>
  <testcase name="GetProviderData" time="0.003" classname="Rest.GetProviders"/>
  <testcase name="GetProviderData" time="1.584" classname="Rest.GetProviders"/>
  <testcase name="GetProviderData" time="0.005" classname="Rest.GetProviders"/>
  <testcase name="GetProviderData" time="0.004" classname="Rest.GetProviders"/>
  <testcase name="GetProviderData" time="0.003" classname="Rest.GetProviders"/>
  <testcase name="GetProviderData" time="0.003" classname="Rest.GetProviders"/>
  <testcase name="GetProviderData" time="1.617" classname="Rest.GetProviders"/>
  <testcase name="GetProviderData" time="0.004" classname="Rest.GetProviders"/>
  <testcase name="GetProviderData" time="0.005" classname="Rest.GetProviders"/>
  <testcase name="GetProviderData" time="0.003" classname="Rest.GetProviders"/>
  <testcase name="GetProviderData" time="0.008" classname="Rest.GetProviders"/>
  <testcase name="GetProviderData" time="0.003" classname="Rest.GetProviders"/>
  <testcase name="GetProviderData" time="0.006" classname="Rest.GetProviders"/>
  <testcase name="GetProviderData" time="0.007" classname="Rest.GetProviders"/>
  <testcase name="GetProviderData" time="1.983" classname="Rest.GetProviders"/>
  <testcase name="GetProviderData" time="1.788" classname="Rest.GetProviders"/>
  <testcase name="GetProviderData" time="1.794" classname="Rest.GetProviders"/>
  <testcase name="GetProviderData" time="0.005" classname="Rest.GetProviders"/>
  <testcase name="GetProviderData" time="0.003" classname="Rest.GetProviders"/>
  <testcase name="GetProviderData" time="0.006" classname="Rest.GetProviders"/>
  <testcase name="GetProviderData" time="0.003" classname="Rest.GetProviders"/>
  <testcase name="GetProviderData" time="5.545" classname="Rest.GetProviders"/>
  <testcase name="GetProviderData" time="1.820" classname="Rest.GetProviders"/>
  <testcase name="GetProviderData" time="0.007" classname="Rest.GetProviders"/>
  <testcase name="GetProviderData" time="0.003" classname="Rest.GetProviders"/>
  <testcase name="GetProviderData" time="0.003" classname="Rest.GetProviders"/>
  <testcase name="GetProviderData" time="0.005" classname="Rest.GetProviders"/>
  <testcase name="GetProviderData" time="1.831" classname="Rest.GetProviders"/>
  <testcase name="GetProviderData" time="0.005" classname="Rest.GetProviders"/>
  <testcase name="GetProviderData" time="0.007" classname="Rest.GetProviders"/>
  <testcase name="GetProviderData" time="0.005" classname="Rest.GetProviders"/>
  <testcase name="GetProviderData" time="1.761" classname="Rest.GetProviders"/>
  <testcase name="GetProviderData" time="0.002" classname="Rest.GetProviders"/>
  <testcase name="GetProviderData" time="0.004" classname="Rest.GetProviders"/>
  <testcase name="GetProviderData" time="0.003" classname="Rest.GetProviders"/>
  <testcase name="GetProviderData" time="0.003" classname="Rest.GetProviders"/>
  <testcase name="GetProviderData" time="0.004" classname="Rest.GetProviders"/>
  <testcase name="GetProviderData" time="1.744" classname="Rest.GetProviders"/>
  <testcase name="GetProviderData" time="0.004" classname="Rest.GetProviders"/>
  <testcase name="GetProviderData" time="0.003" classname="Rest.GetProviders"/>
  <testcase name="GetProviderData" time="0.003" classname="Rest.GetProviders"/>
  <testcase name="GetProviderData" time="0.003" classname="Rest.GetProviders"/>
  <testcase name="GetProviderData" time="0.003" classname="Rest.GetProviders"/>
  <testcase name="GetProviderData" time="0.004" classname="Rest.GetProviders"/>
  <testcase name="GetProviderData" time="0.003" classname="Rest.GetProviders"/>
  <testcase name="GetProviderData" time="0.003" classname="Rest.GetProviders"/>
  <testcase name="GetProviderData" time="0.023" classname="Rest.GetProviders"/>
  <testcase name="GetProviderData" time="0.003" classname="Rest.GetProviders"/>
  <testcase name="GetProviderData" time="0.004" classname="Rest.GetProviders"/>
  <testcase name="GetProviderData" time="1.558" classname="Rest.GetProviders"/>
  <testcase name="GetProviderData" time="0.003" classname="Rest.GetProviders"/>
  <testcase name="GetProviderData" time="0.002" classname="Rest.GetProviders"/>
  <testcase name="GetProviderData" time="0.005" classname="Rest.GetProviders"/>
  <testcase name="GetProviderData" time="0.003" classname="Rest.GetProviders"/>
  <testcase name="GetProviderData" time="1.646" classname="Rest.GetProviders"/>
  <testcase name="GetProviderData" time="1.877" classname="Rest.GetProviders"/>
  <testcase name="GetProviderData" time="1.812" classname="Rest.GetProviders"/>
  <testcase name="GetProviderData" time="0.003" classname="Rest.GetProviders"/>
  <testcase name="GetProviderData" time="0.004" classname="Rest.GetProviders"/>
  <testcase name="GetProviderData" time="0.004" classname="Rest.GetProviders"/>
  <testcase name="GetProviderData" time="0.004" classname="Rest.GetProviders"/>
  <testcase name="GetProviderData" time="0.020" classname="Rest.GetProviders"/>
  <testcase name="GetProviderData" time="0.004" classname="Rest.GetProviders"/>
  <testcase name="GetProviderData" time="0.002" classname="Rest.GetProviders"/>
  <testcase name="GetProviderData" time="0.003" classname="Rest.GetProviders"/>
  <testcase name="GetProviderData" time="0.015" classname="Rest.GetProviders"/>
  <testcase name="GetProviderData" time="0.003" classname="Rest.GetProviders"/>
  <testcase name="GetProviderData" time="0.008" classname="Rest.GetProviders"/>
  <testcase name="GetProviderData" time="0.003" classname="Rest.GetProviders"/>
  <testcase name="GetProviderData" time="0.005" classname="Rest.GetProviders"/>
  <testcase name="GetProviderData" time="1.491" classname="Rest.GetProviders"/>
  <testcase name="GetProviderData" time="0.003" classname="Rest.GetProviders"/>
  <testcase name="GetProviderData" time="0.003" classname="Rest.GetProviders"/>
  <testcase name="GetProviderData" time="0.012" classname="Rest.GetProviders"/>
  <testcase name="GetProviderData" time="0.003" classname="Rest.GetProviders"/>
  <testcase name="GetProviderData" time="0.003" classname="Rest.GetProviders"/>
  <testcase name="GetProviderData" time="1.820" classname="Rest.GetProviders"/>
  <testcase name="GetProviderData" time="1.742" classname="Rest.GetProviders"/>
  <testcase name="GetProviderData" time="0.003" classname="Rest.GetProviders"/>
  <testcase name="GetProviderData" time="0.007" classname="Rest.GetProviders"/>
  <testcase name="GetProviderData" time="0.003" classname="Rest.GetProviders"/>
  <testcase name="GetProviderData" time="1.655" classname="Rest.GetProviders"/>
  <testcase name="GetProviderData" time="0.003" classname="Rest.GetProviders"/>
  <testcase name="GetProviderData" time="0.011" classname="Rest.GetProviders"/>
  <testcase name="GetProviderData" time="0.003" classname="Rest.GetProviders"/>
  <testcase name="GetProviderData" time="1.537" classname="Rest.GetProviders"/>
  <testcase name="GetProviderData" time="1.942" classname="Rest.GetProviders"/>
  <testcase name="GetProviderData" time="0.002" classname="Rest.GetProviders"/>
  <testcase name="GetProviderData" time="0.007" classname="Rest.GetProviders"/>
  <testcase name="GetProviderData" time="0.003" classname="Rest.GetProviders"/>
  <testcase name="GetProviderData" time="0.007" classname="Rest.GetProviders"/>
  <testcase name="GetProviderData" time="0.003" classname="Rest.GetProviders"/>
  <testcase name="GetProviderData" time="0.004" classname="Rest.GetProviders"/>
  <testcase name="GetProviderData" time="0.004" classname="Rest.GetProviders"/>
  <testcase name="GetProviderData" time="0.025" classname="Rest.GetProviders"/>
  <testcase name="GetProviderData" time="0.003" classname="Rest.GetProviders"/>
  <testcase name="GetProviderData" time="0.004" classname="Rest.GetProviders"/>
  <testcase name="GetProviderData" time="1.512" classname="Rest.GetProviders"/>
  <testcase name="GetProviderData" time="0.003" classname="Rest.GetProviders"/>
  <testcase name="GetProviderData" time="1.564" classname="Rest.GetProviders"/>
  <testcase name="GetProviderData" time="0.012" classname="Rest.GetProviders"/>
  <testcase name="GetProviderData" time="0.004" classname="Rest.GetProviders"/>
  <testcase name="GetProviderData" time="0.007" classname="Rest.GetProviders"/>
  <testcase name="GetProviderData" time="0.003" classname="Rest.GetProviders"/>
  <testcase name="GetProviderData" time="0.004" classname="Rest.GetProviders"/>
  <testcase name="GetProviderData" time="0.002" classname="Rest.GetProviders"/>
  <testcase name="GetProviderData" time="0.004" classname="Rest.GetProviders"/>
  <testcase name="GetProviderData" time="0.007" classname="Rest.GetProviders"/>
  <testcase name="GetProviderData" time="0.005" classname="Rest.GetProviders"/>
  <testcase name="GetProviderData" time="0.003" classname="Rest.GetProviders"/>
  <testcase name="GetProviderData" time="0.005" classname="Rest.GetProviders"/>
  <testcase name="GetProviderData" time="0.003" classname="Rest.GetProviders"/>
  <testcase name="GetProviderData" time="0.002" classname="Rest.GetProviders"/>
  <testcase name="GetProviderData" time="0.006" classname="Rest.GetProviders"/>
  <testcase name="GetProviderData" time="1.514" classname="Rest.GetProviders"/>
  <testcase name="GetProviderData" time="0.002" classname="Rest.GetProviders"/>
  <testcase name="GetProviderData" time="0.003" classname="Rest.GetProviders"/>
  <testcase name="GetProviderData" time="0.008" classname="Rest.GetProviders"/>
  <testcase name="GetProviderData" time="0.003" classname="Rest.GetProviders"/>
  <testcase name="GetProviderData" time="1.761" classname="Rest.GetProviders"/>
  <testcase name="GetProviderData" time="0.004" classname="Rest.GetProviders"/>
  <testcase name="GetProviderData" time="0.005" classname="Rest.GetProviders"/>
  <testcase name="GetProviderData" time="0.004" classname="Rest.GetProviders"/>
  <testcase name="GetProviderData" time="0.003" classname="Rest.GetProviders"/>
  <testcase name="GetProviderData" time="1.599" classname="Rest.GetProviders"/>
  <testcase name="GetProviderData" time="0.003" classname="Rest.GetProviders"/>
  <testcase name="GetProviderData" time="1.535" classname="Rest.GetProviders"/>
  <testcase name="GetProviderData" time="1.860" classname="Rest.GetProviders"/>
  <testcase name="GetProviderData" time="0.003" classname="Rest.GetProviders"/>
  <testcase name="GetProviderData" time="0.004" classname="Rest.GetProviders"/>
  <testcase name="GetProviderData" time="0.010" classname="Rest.GetProviders"/>
  <testcase name="GetProviderData" time="0.009" classname="Rest.GetProviders"/>
  <testcase name="GetProviderData" time="0.003" classname="Rest.GetProviders"/>
  <testcase name="GetProviderData" time="1.768" classname="Rest.GetProviders"/>
  <testcase name="GetProviderData" time="0.004" classname="Rest.GetProviders"/>
  <testcase name="GetProviderData" time="0.002" classname="Rest.GetProviders"/>
  <testcase name="GetProviderData" time="0.003" classname="Rest.GetProviders"/>
  <testcase name="GetProviderData" time="0.003" classname="Rest.GetProviders"/>
  <testcase name="GetProviderData" time="0.009" classname="Rest.GetProviders"/>
  <testcase name="GetProviderData" time="0.006" classname="Rest.GetProviders"/>
  <testcase name="GetProviderData" time="0.004" classname="Rest.GetProviders"/>
  <testcase name="GetProviderData" time="0.007" classname="Rest.GetProviders"/>
  <testcase name="GetProviderData" time="0.008" classname="Rest.GetProviders"/>
  <testcase name="GetProviderData" time="0.004" classname="Rest.GetProviders"/>
  <testcase name="GetProviderData" time="0.003" classname="Rest.GetProviders"/>
  <testcase name="GetProviderData" time="0.003" classname="Rest.GetProviders"/>
  <testcase name="GetProviderData" time="0.002" classname="Rest.GetProviders"/>
</testsuite> <!-- Rest.GetProviders -->
