<?xml version="1.0" encoding="UTF-8"?>
<!-- Generated by org.testng.reporters.JUnitReportReporter -->
<testsuite hostname="Sulehria" failures="0" tests="4" name="hrEmailReminder.Zameen_Assignment" time="34.957" errors="0" timestamp="28 Mar 2021 18:48:00 GMT" skipped="0">
  <testcase classname="hrEmailReminder.Zameen_Assignment" name="preRec" time="10.234"/>
  <testcase classname="hrEmailReminder.Zameen_Assignment" name="VerifyResultsMatchCriteria" time="6.432"/>
  <testcase classname="hrEmailReminder.Zameen_Assignment" name="VerifyResultsAndDetailsMatchExtraCriteria" time="11.416"/>
  <testcase classname="hrEmailReminder.Zameen_Assignment" name="VerifyPropOnMap" time="6.875"/>
</testsuite> <!-- hrEmailReminder.Zameen_Assignment -->
