<?xml version="1.0" encoding="UTF-8"?>
<!-- Generated by org.testng.reporters.JUnitReportReporter -->
<testsuite hostname="CMDLHRLT104" name="FormsProviderNote.Vitals" tests="45" failures="0" timestamp="11 May 2018 13:30:56 GMT" time="1424.637" errors="0">
  <testcase name="verifyingCommentHint" time="0.664" classname="FormsProviderNote.Vitals"/>
  <testcase name="verifyingWaistTextfield" time="0.133" classname="FormsProviderNote.Vitals"/>
  <testcase name="verifySystolicBloodPressureRanges" time="4.595" classname="FormsProviderNote.Vitals"/>
  <testcase name="verifyVitalsPage" time="53.276" classname="FormsProviderNote.Vitals"/>
  <testcase name="verifyingNeckTextField" time="3.804" classname="FormsProviderNote.Vitals"/>
  <testcase name="verifyDate" time="0.188" classname="FormsProviderNote.Vitals"/>
  <testcase name="verifyingHipTextField" time="3.616" classname="FormsProviderNote.Vitals"/>
  <testcase name="verifyVitalsTooltip" time="702.358" classname="FormsProviderNote.Vitals"/>
  <testcase name="verifyPulseRanges" time="53.434" classname="FormsProviderNote.Vitals"/>
  <testcase name="verifyRespirationRanges" time="2.807" classname="FormsProviderNote.Vitals"/>
  <testcase name="verifyingFingerStickField" time="58.225" classname="FormsProviderNote.Vitals"/>
  <testcase name="verifyDateMasking" time="3.287" classname="FormsProviderNote.Vitals"/>
  <testcase name="verifyingSixFields" time="1.218" classname="FormsProviderNote.Vitals"/>
  <testcase name="verifyingInspiredOxygenTextfield" time="0.190" classname="FormsProviderNote.Vitals"/>
  <testcase name="verifyingWaistTextField" time="5.712" classname="FormsProviderNote.Vitals"/>
  <testcase name="verifyTemperatureDropdownValue" time="1.180" classname="FormsProviderNote.Vitals"/>
  <testcase name="verifyingDateAndTimeTooltip" time="2.555" classname="FormsProviderNote.Vitals"/>
  <testcase name="verifyingPeakExpiratoryFlowTextfield" time="0.161" classname="FormsProviderNote.Vitals"/>
  <testcase name="verifyBloodTypeDropdownValue" time="1.435" classname="FormsProviderNote.Vitals"/>
  <testcase name="verifyTime" time="0.170" classname="FormsProviderNote.Vitals"/>
  <testcase name="verifyHighRange" time="60.729" classname="FormsProviderNote.Vitals"/>
  <testcase name="verifyingCommentChracterLimit" time="0.700" classname="FormsProviderNote.Vitals"/>
  <testcase name="verifyHighlightedRow" time="60.374" classname="FormsProviderNote.Vitals"/>
  <testcase name="verifyingSaturationTextfield" time="0.201" classname="FormsProviderNote.Vitals"/>
  <testcase name="verifyDiastolicBloodPressureRanges" time="4.721" classname="FormsProviderNote.Vitals"/>
  <testcase name="verifySaturationDropdownValue" time="0.507" classname="FormsProviderNote.Vitals"/>
  <testcase name="verifyingWeightTextBoxes" time="0.545" classname="FormsProviderNote.Vitals"/>
  <testcase name="verifyRespirationDropdownValue" time="1.767" classname="FormsProviderNote.Vitals"/>
  <testcase name="verifyingTabs" time="59.463" classname="FormsProviderNote.Vitals"/>
  <testcase name="verifyTemperatureRanges" time="4.717" classname="FormsProviderNote.Vitals"/>
  <testcase name="verifySeverityOfPainDropdownValue" time="2.179" classname="FormsProviderNote.Vitals"/>
  <testcase name="verifyingCommentText" time="0.803" classname="FormsProviderNote.Vitals"/>
  <testcase name="verifyingHeartSignTooltip" time="2.587" classname="FormsProviderNote.Vitals"/>
  <testcase name="verifyingHeartSign" time="56.878" classname="FormsProviderNote.Vitals"/>
  <testcase name="verifyLowRange" time="12.299" classname="FormsProviderNote.Vitals"/>
  <testcase name="verifyPulseDropdownValue" time="1.083" classname="FormsProviderNote.Vitals"/>
  <testcase name="verifyingCommentTextAfterDeletion" time="0.467" classname="FormsProviderNote.Vitals"/>
  <testcase name="verifyingReferenceIcons" time="0.543" classname="FormsProviderNote.Vitals"/>
  <testcase name="verifyingUnits" time="1.801" classname="FormsProviderNote.Vitals"/>
  <testcase name="verifyingUrineOutputField" time="62.638" classname="FormsProviderNote.Vitals"/>
  <testcase name="verifyingUpAndDownButtonFunctionality" time="3.022" classname="FormsProviderNote.Vitals"/>
  <testcase name="verifyVitalsColumns" time="2.595" classname="FormsProviderNote.Vitals"/>
  <testcase name="verifyUrinePregTestValues" time="1.319" classname="FormsProviderNote.Vitals"/>
  <testcase name="verifyHeightTextFieldValidation" time="23.092" classname="FormsProviderNote.Vitals"/>
  <testcase name="verifyingCharacterLimit" time="160.599" classname="FormsProviderNote.Vitals"/>
</testsuite> <!-- FormsProviderNote.Vitals -->
