<?xml version="1.0" encoding="UTF-8"?>
<!-- Generated by org.testng.reporters.JUnitReportReporter -->
<testsuite hostname="CMDLHRLT104" name="ChargeDetail.ReferralANDPAN" tests="9" failures="0" timestamp="25 Apr 2018 11:52:28 GMT" time="479.332" errors="0">
  <testcase name="verifyPopulateReferralASDOS" time="172.495" classname="ChargeDetail.ReferralANDPAN"/>
  <testcase name="verifyPopulateReferralASDOSPrompt" time="188.876" classname="ChargeDetail.ReferralANDPAN"/>
  <testcase name="verifyRefrralAddedOnClickingReferralNumber" time="20.794" classname="ChargeDetail.ReferralANDPAN"/>
  <testcase name="verifyAllReferralDisplayInListing" time="1.015" classname="ChargeDetail.ReferralANDPAN"/>
  <testcase name="verifyVisistsCount" time="41.750" classname="ChargeDetail.ReferralANDPAN"/>
  <testcase name="verifyOutgoingreferral" time="0.022" classname="ChargeDetail.ReferralANDPAN"/>
  <testcase name="verifyReferralToolTip" time="18.378" classname="ChargeDetail.ReferralANDPAN"/>
  <testcase name="verifyReferralHyperLink" time="6.015" classname="ChargeDetail.ReferralANDPAN"/>
  <testcase name="verifyIncomingReferralButton" time="29.987" classname="ChargeDetail.ReferralANDPAN"/>
</testsuite> <!-- ChargeDetail.ReferralANDPAN -->
