<?xml version="1.0" encoding="UTF-8"?>
<!-- Generated by org.testng.reporters.JUnitReportReporter -->
<testsuite hostname="CMDLHRLT141" name="tests.Home_Page" tests="1" failures="0" timestamp="11 Sep 2017 08:17:38 GMT" time="0.025" errors="0">
  <testcase name="f" time="0.025" classname="tests.Home_Page"/>
</testsuite> <!-- tests.Home_Page -->
