<?xml version="1.0" encoding="UTF-8"?>
<!-- Generated by org.testng.reporters.JUnitReportReporter -->
<testsuite hostname="CMDLHRLT104" name="tests.OtherOrders" tests="12" failures="0" timestamp="30 Nov 2017 09:25:45 GMT" time="309.558" errors="0">
  <testcase name="AddPatient" time="47.553" classname="tests.OtherOrders"/>
  <testcase name="VerifyPreviousButtonFunctionality" time="28.923" classname="tests.OtherOrders"/>
  <testcase name="verifyLeftTreeOtherOrder" time="31.874" classname="tests.OtherOrders"/>
  <testcase name="VerifyProcedureAdd" time="3.002" classname="tests.OtherOrders"/>
  <testcase name="VerifySoapTextOnNote" time="0.249" classname="tests.OtherOrders"/>
  <testcase name="VerifySaveAndAcceptButton" time="21.726" classname="tests.OtherOrders"/>
  <testcase name="VerifyNextButtonFunctionality" time="32.271" classname="tests.OtherOrders"/>
  <testcase name="login" time="66.927" classname="tests.OtherOrders"/>
  <testcase name="Opening_browser" time="9.943" classname="tests.OtherOrders"/>
  <testcase name="VerifyProviderDropdown" time="0.526" classname="tests.OtherOrders"/>
  <testcase name="Creating_Case" time="24.896" classname="tests.OtherOrders"/>
  <testcase name="VerifyDiagnoseAdd" time="41.668" classname="tests.OtherOrders"/>
</testsuite> <!-- tests.OtherOrders -->
