<?xml version="1.0" encoding="UTF-8"?>
<!-- Generated by org.testng.reporters.JUnitReportReporter -->
<testsuite hostname="CMDLHRLT104" name="providerNote.SurgicalHx" tests="4" failures="0" timestamp="8 Jun 2018 11:16:25 GMT" time="646.395" errors="0">
  <testcase name="Applicationlogin" time="44.738" classname="providerNote.SurgicalHx"/>
  <testcase name="verifySurgicalHxinactive" time="119.390" classname="providerNote.SurgicalHx"/>
  <testcase name="AddPatient" time="349.979" classname="providerNote.SurgicalHx"/>
  <testcase name="verifySurgicalHxsaved" time="132.288" classname="providerNote.SurgicalHx"/>
</testsuite> <!-- providerNote.SurgicalHx -->
