<?xml version="1.0" encoding="UTF-8"?>
<!-- Generated by org.testng.reporters.JUnitReportReporter -->
<testsuite hostname="CMDLHRLT580" failures="0" tests="1" name="hrEmailReminder.CheckResponseWithEmail" time="7.878" errors="0" timestamp="20 Jul 2020 14:29:20 GMT" skipped="0">
  <testcase classname="hrEmailReminder.CheckResponseWithEmail" name="preRec" time="7.878"/>
</testsuite> <!-- hrEmailReminder.CheckResponseWithEmail -->
