<?xml version="1.0" encoding="UTF-8"?>
<!-- Generated by org.testng.reporters.JUnitReportReporter -->
<testsuite hostname="CMDLHRLT580" failures="0" tests="2" name="CSTasks.PatientStatement" time="144.653" errors="0" timestamp="28 Apr 2020 23:41:38 GMT" skipped="0">
  <testcase classname="CSTasks.PatientStatement" name="preRec" time="4.686"/>
  <testcase classname="CSTasks.PatientStatement" name="PatientStatement" time="139.967"/>
</testsuite> <!-- CSTasks.PatientStatement -->
