<?xml version="1.0" encoding="UTF-8"?>
<!-- Generated by org.testng.reporters.JUnitReportReporter -->
<testsuite hostname="CMDLHRLT104" name="EsuperBill.Esuperbill" tests="18" failures="1" timestamp="15 Mar 2018 13:02:02 GMT" time="67.789" errors="0">
  <testcase name="verifyTemplateDetailTabValidation" time="22.658" classname="EsuperBill.Esuperbill"/>
  <testcase name="verifyLocationDropDownDataPopulation" time="0.605" classname="EsuperBill.Esuperbill"/>
  <testcase name="verifyENMAvailability" time="0.128" classname="EsuperBill.Esuperbill"/>
  <testcase name="verifyENMCodeOnGrid" time="3.273" classname="EsuperBill.Esuperbill"/>
  <testcase name="verifyInputEncounterDateManually" time="0.641" classname="EsuperBill.Esuperbill"/>
  <testcase name="verifyEmptyLocationPrompt" time="1.811" classname="EsuperBill.Esuperbill"/>
  <testcase name="verifyTemplateDataAutoPopulationOnGrid" time="23.624" classname="EsuperBill.Esuperbill"/>
  <testcase name="verifyFeeOfCPTPopulation" time="2.160" classname="EsuperBill.Esuperbill">
    <failure type="java.lang.AssertionError" message="&#039;Fee of CPT&#039;s is not being populated from the fee schedule which lies within the encounter date of esuperbill expected [30.00] but found [0.00]">
      <![CDATA[java.lang.AssertionError: 'Fee of CPT's is not being populated from the fee schedule which lies within the encounter date of esuperbill expected [30.00] but found [0.00]
	at org.testng.Assert.fail(Assert.java:94)
	at org.testng.Assert.failNotEquals(Assert.java:513)
	at org.testng.Assert.assertEqualsImpl(Assert.java:135)
	at org.testng.Assert.assertEquals(Assert.java:116)
	at org.testng.Assert.assertEquals(Assert.java:190)
	at EsuperBill.Esuperbill.verifyFeeOfCPTPopulation(Esuperbill.java:531)
	at sun.reflect.NativeMethodAccessorImpl.invoke0(Native Method)
	at sun.reflect.NativeMethodAccessorImpl.invoke(NativeMethodAccessorImpl.java:62)
	at sun.reflect.DelegatingMethodAccessorImpl.invoke(DelegatingMethodAccessorImpl.java:43)
	at java.lang.reflect.Method.invoke(Method.java:498)
	at org.testng.internal.MethodInvocationHelper.invokeMethod(MethodInvocationHelper.java:86)
	at org.testng.internal.Invoker.invokeMethod(Invoker.java:643)
	at org.testng.internal.Invoker.invokeTestMethod(Invoker.java:820)
	at org.testng.internal.Invoker.invokeTestMethods(Invoker.java:1128)
	at org.testng.internal.TestMethodWorker.invokeTestMethods(TestMethodWorker.java:129)
	at org.testng.internal.TestMethodWorker.run(TestMethodWorker.java:112)
	at org.testng.TestRunner.privateRun(TestRunner.java:782)
	at org.testng.TestRunner.run(TestRunner.java:632)
	at org.testng.SuiteRunner.runTest(SuiteRunner.java:366)
	at org.testng.SuiteRunner.runSequentially(SuiteRunner.java:361)
	at org.testng.SuiteRunner.privateRun(SuiteRunner.java:319)
	at org.testng.SuiteRunner.run(SuiteRunner.java:268)
	at org.testng.SuiteRunnerWorker.runSuite(SuiteRunnerWorker.java:52)
	at org.testng.SuiteRunnerWorker.run(SuiteRunnerWorker.java:86)
	at org.testng.TestNG.runSuitesSequentially(TestNG.java:1244)
	at org.testng.TestNG.runSuitesLocally(TestNG.java:1169)
	at org.testng.TestNG.run(TestNG.java:1064)
	at org.testng.remote.AbstractRemoteTestNG.run(AbstractRemoteTestNG.java:132)
	at org.testng.remote.RemoteTestNG.initAndRun(RemoteTestNG.java:230)
	at org.testng.remote.RemoteTestNG.main(RemoteTestNG.java:76)
]]>
    </failure>
  </testcase> <!-- verifyFeeOfCPTPopulation -->
  <testcase name="verifyDetailEncounterDateCalender" time="1.327" classname="EsuperBill.Esuperbill"/>
  <testcase name="verifyTemplatePopUpDisplay" time="1.912" classname="EsuperBill.Esuperbill"/>
  <testcase name="verifyZeroFeeOfNoFeeScheduleCPTPopulation" time="1.654" classname="EsuperBill.Esuperbill"/>
  <testcase name="verifyLocationDropDownSelectedValue" time="0.501" classname="EsuperBill.Esuperbill"/>
  <testcase name="verifyTimeField" time="0.199" classname="EsuperBill.Esuperbill"/>
  <testcase name="verifyProviderDefaultValue" time="0.391" classname="EsuperBill.Esuperbill"/>
  <testcase name="verifyProviderDropdownDataPopulation" time="0.215" classname="EsuperBill.Esuperbill"/>
  <testcase name="verifyCalenderAvailability" time="0.190" classname="EsuperBill.Esuperbill"/>
  <testcase name="verifyUnitBaseFeeCalculation" time="6.494" classname="EsuperBill.Esuperbill"/>
  <testcase name="verifyAllCombinationFeeSchedule" time="0.006" classname="EsuperBill.Esuperbill"/>
</testsuite> <!-- EsuperBill.Esuperbill -->
