<?xml version="1.0" encoding="UTF-8"?>
<!-- Generated by org.testng.reporters.JUnitReportReporter -->
<testsuite hostname="CMDLHRLT104" name="providerNote.FamilyHx" tests="5" failures="0" timestamp="8 Jun 2018 07:55:30 GMT" time="468.994" errors="0">
  <testcase name="Applicationlogin" time="43.256" classname="providerNote.FamilyHx"/>
  <testcase name="verifyUnremarkableCheckbox" time="87.003" classname="providerNote.FamilyHx"/>
  <testcase name="AddPatient" time="310.544" classname="providerNote.FamilyHx"/>
  <testcase name="verifySaveFunctionality" time="25.847" classname="providerNote.FamilyHx"/>
  <testcase name="verifyUnknownCheckbox" time="2.344" classname="providerNote.FamilyHx"/>
</testsuite> <!-- providerNote.FamilyHx -->
