<?xml version="1.0" encoding="UTF-8"?>
<!-- Generated by org.testng.reporters.JUnitReportReporter -->
<testsuite hostname="CMDLHRLT104" name="FormsProviderNote.Allergies" tests="39" failures="1" timestamp="11 May 2018 12:05:37 GMT" time="482.465" errors="0">
  <testcase name="SavingAllergy" time="2.814" classname="FormsProviderNote.Allergies"/>
  <testcase name="Verifysearch" time="2.661" classname="FormsProviderNote.Allergies"/>
  <testcase name="VerifyfavouriteAllergy" time="3.327" classname="FormsProviderNote.Allergies"/>
  <testcase name="verifyInactiveAllergy" time="9.566" classname="FormsProviderNote.Allergies"/>
  <testcase name="verifyingInactiveAllergy" time="23.759" classname="FormsProviderNote.Allergies"/>
  <testcase name="verifyDeleteAllergy" time="2.117" classname="FormsProviderNote.Allergies"/>
  <testcase name="VerifyAllergyresult" time="1.085" classname="FormsProviderNote.Allergies"/>
  <testcase name="verifyReviewList" time="4.670" classname="FormsProviderNote.Allergies"/>
  <testcase name="VerifyingAllergy" time="2.229" classname="FormsProviderNote.Allergies"/>
  <testcase name="Verifyresult" time="0.778" classname="FormsProviderNote.Allergies"/>
  <testcase name="Verifyinghotlist" time="1.110" classname="FormsProviderNote.Allergies"/>
  <testcase name="Verifycomment" time="5.434" classname="FormsProviderNote.Allergies"/>
  <testcase name="verifyDeletePopup" time="38.074" classname="FormsProviderNote.Allergies"/>
  <testcase name="verifyAddAllegyIconfunctionality" time="50.970" classname="FormsProviderNote.Allergies"/>
  <testcase name="Verifyuncodedallergy" time="2.859" classname="FormsProviderNote.Allergies"/>
  <testcase name="Verifyonset" time="0.855" classname="FormsProviderNote.Allergies"/>
  <testcase name="verifyLogTab" time="1.169" classname="FormsProviderNote.Allergies"/>
  <testcase name="InActiveAllergy" time="0.169" classname="FormsProviderNote.Allergies"/>
  <testcase name="savingallergy" time="7.736" classname="FormsProviderNote.Allergies"/>
  <testcase name="Verifyhotlisthower" time="2.769" classname="FormsProviderNote.Allergies"/>
  <testcase name="Verifymultipleaddition" time="2.581" classname="FormsProviderNote.Allergies"/>
  <testcase name="Verifyfavoritehower" time="113.448" classname="FormsProviderNote.Allergies"/>
  <testcase name="verifyingInactiveAllergies" time="3.428" classname="FormsProviderNote.Allergies"/>
  <testcase name="Validatingfields" time="1.048" classname="FormsProviderNote.Allergies"/>
  <testcase name="verifyLogButton" time="37.406" classname="FormsProviderNote.Allergies"/>
  <testcase name="Verifyreactionf" time="1.562" classname="FormsProviderNote.Allergies"/>
  <testcase name="Verifyreactionfield" time="22.879" classname="FormsProviderNote.Allergies"/>
  <testcase name="verifyInactivePopup" time="2.576" classname="FormsProviderNote.Allergies"/>
  <testcase name="Verifycheckboxes" time="1.287" classname="FormsProviderNote.Allergies"/>
  <testcase name="verifyingActiveAllergies" time="2.312" classname="FormsProviderNote.Allergies"/>
  <testcase name="Verifyseverity" time="1.092" classname="FormsProviderNote.Allergies"/>
  <testcase name="Verifysearchreaction" time="0.441" classname="FormsProviderNote.Allergies"/>
  <testcase name="Verifyscroll" time="3.086" classname="FormsProviderNote.Allergies"/>
  <testcase name="Verifyuncoded" time="31.338" classname="FormsProviderNote.Allergies"/>
  <testcase name="Verifyreaction" time="0.180" classname="FormsProviderNote.Allergies">
    <failure type="java.lang.AssertionError" message="reaction names are not placed in the reactions box expected [true] but found [false]">
      <![CDATA[java.lang.AssertionError: reaction names are not placed in the reactions box expected [true] but found [false]
	at org.testng.Assert.fail(Assert.java:94)
	at org.testng.Assert.failNotEquals(Assert.java:513)
	at org.testng.Assert.assertTrue(Assert.java:42)
	at FormsProviderNote.Allergies.Verifyreaction(Allergies.java:384)
	at sun.reflect.NativeMethodAccessorImpl.invoke0(Native Method)
	at sun.reflect.NativeMethodAccessorImpl.invoke(NativeMethodAccessorImpl.java:62)
	at sun.reflect.DelegatingMethodAccessorImpl.invoke(DelegatingMethodAccessorImpl.java:43)
	at java.lang.reflect.Method.invoke(Method.java:498)
	at org.testng.internal.MethodInvocationHelper.invokeMethod(MethodInvocationHelper.java:86)
	at org.testng.internal.Invoker.invokeMethod(Invoker.java:643)
	at org.testng.internal.Invoker.invokeTestMethod(Invoker.java:820)
	at org.testng.internal.Invoker.invokeTestMethods(Invoker.java:1128)
	at org.testng.internal.TestMethodWorker.invokeTestMethods(TestMethodWorker.java:129)
	at org.testng.internal.TestMethodWorker.run(TestMethodWorker.java:112)
	at org.testng.TestRunner.privateRun(TestRunner.java:782)
	at org.testng.TestRunner.run(TestRunner.java:632)
	at org.testng.SuiteRunner.runTest(SuiteRunner.java:366)
	at org.testng.SuiteRunner.runSequentially(SuiteRunner.java:361)
	at org.testng.SuiteRunner.privateRun(SuiteRunner.java:319)
	at org.testng.SuiteRunner.run(SuiteRunner.java:268)
	at org.testng.SuiteRunnerWorker.runSuite(SuiteRunnerWorker.java:52)
	at org.testng.SuiteRunnerWorker.run(SuiteRunnerWorker.java:86)
	at org.testng.TestNG.runSuitesSequentially(TestNG.java:1244)
	at org.testng.TestNG.runSuitesLocally(TestNG.java:1169)
	at org.testng.TestNG.run(TestNG.java:1064)
	at org.testng.remote.AbstractRemoteTestNG.run(AbstractRemoteTestNG.java:132)
	at org.testng.remote.RemoteTestNG.initAndRun(RemoteTestNG.java:230)
	at org.testng.remote.RemoteTestNG.main(RemoteTestNG.java:76)
]]>
    </failure>
  </testcase> <!-- Verifyreaction -->
  <testcase name="Verifyfields" time="1.108" classname="FormsProviderNote.Allergies"/>
  <testcase name="Verifydeleteicon" time="0.204" classname="FormsProviderNote.Allergies"/>
  <testcase name="LandingAllergy" time="82.844" classname="FormsProviderNote.Allergies"/>
  <testcase name="verifyLogEntry" time="9.494" classname="FormsProviderNote.Allergies"/>
</testsuite> <!-- FormsProviderNote.Allergies -->
