<?xml version="1.0" encoding="UTF-8"?>
<!-- Generated by org.testng.reporters.JUnitReportReporter -->
<testsuite hostname="CMDLHRLT580" failures="0" tests="21" name="CSTasks.testing" time="0.335" errors="1" timestamp="23 Apr 2020 06:51:36 GMT" skipped="0">
  <testcase classname="CSTasks.testing" name="ClosingBrowser" time="0.006">
    <error type="java.lang.NullPointerException">
      <![CDATA[java.lang.NullPointerException
at CSTasks.testing.ClosingBrowser(testing.java:185)
at java.base/jdk.internal.reflect.NativeMethodAccessorImpl.invoke0(Native Method)
at java.base/jdk.internal.reflect.NativeMethodAccessorImpl.invoke(NativeMethodAccessorImpl.java:62)
at java.base/jdk.internal.reflect.DelegatingMethodAccessorImpl.invoke(DelegatingMethodAccessorImpl.java:43)
at java.base/java.lang.reflect.Method.invoke(Method.java:566)
at org.testng.internal.MethodInvocationHelper.invokeMethod(MethodInvocationHelper.java:124)
at org.testng.internal.MethodInvocationHelper.invokeMethodConsideringTimeout(MethodInvocationHelper.java:59)
at org.testng.internal.Invoker.invokeConfigurationMethod(Invoker.java:458)
at org.testng.internal.Invoker.invokeConfigurations(Invoker.java:222)
at org.testng.internal.Invoker.invokeConfigurations(Invoker.java:142)
at org.testng.SuiteRunner.privateRun(SuiteRunner.java:425)
at org.testng.SuiteRunner.run(SuiteRunner.java:364)
at org.testng.SuiteRunnerWorker.runSuite(SuiteRunnerWorker.java:52)
at org.testng.SuiteRunnerWorker.run(SuiteRunnerWorker.java:84)
at org.testng.TestNG.runSuitesSequentially(TestNG.java:1208)
at org.testng.TestNG.runSuitesLocally(TestNG.java:1137)
at org.testng.TestNG.runSuites(TestNG.java:1049)
at org.testng.TestNG.run(TestNG.java:1017)
at org.testng.remote.AbstractRemoteTestNG.run(AbstractRemoteTestNG.java:114)
at org.testng.remote.RemoteTestNG.initAndRun(RemoteTestNG.java:251)
at org.testng.remote.RemoteTestNG.main(RemoteTestNG.java:77)
]]>
    </error>
  </testcase> <!-- ClosingBrowser -->
  <testcase classname="CSTasks.testing" name="PatientStatement" time="0.005"/>
  <testcase classname="CSTasks.testing" name="PatientStatement" time="0.006"/>
  <testcase classname="CSTasks.testing" name="PatientStatement" time="0.007"/>
  <testcase classname="CSTasks.testing" name="PatientStatement" time="0.007"/>
  <testcase classname="CSTasks.testing" name="PatientStatement" time="0.005"/>
  <testcase classname="CSTasks.testing" name="PatientStatement" time="0.006"/>
  <testcase classname="CSTasks.testing" name="PatientStatement" time="0.179"/>
  <testcase classname="CSTasks.testing" name="PatientStatement" time="0.006"/>
  <testcase classname="CSTasks.testing" name="PatientStatement" time="0.008"/>
  <testcase classname="CSTasks.testing" name="PatientStatement" time="0.007"/>
  <testcase classname="CSTasks.testing" name="PatientStatement2" time="0.005"/>
  <testcase classname="CSTasks.testing" name="PatientStatement2" time="0.007"/>
  <testcase classname="CSTasks.testing" name="PatientStatement2" time="0.034"/>
  <testcase classname="CSTasks.testing" name="PatientStatement2" time="0.005"/>
  <testcase classname="CSTasks.testing" name="PatientStatement2" time="0.005"/>
  <testcase classname="CSTasks.testing" name="PatientStatement2" time="0.006"/>
  <testcase classname="CSTasks.testing" name="PatientStatement2" time="0.009"/>
  <testcase classname="CSTasks.testing" name="PatientStatement2" time="0.009"/>
  <testcase classname="CSTasks.testing" name="PatientStatement2" time="0.007"/>
  <testcase classname="CSTasks.testing" name="PatientStatement2" time="0.006"/>
</testsuite> <!-- CSTasks.testing -->
