<?xml version="1.0" encoding="UTF-8"?>
<!-- Generated by org.testng.reporters.JUnitReportReporter -->
<testsuite hostname="CMDLHRLT141" name="tests.SimpleTest" tests="1" failures="0" timestamp="6 Sep 2017 16:24:09 GMT" time="0.032" errors="0">
  <testcase name="firstSimpleTest" time="0.032" classname="tests.SimpleTest"/>
</testsuite> <!-- tests.SimpleTest -->
