<?xml version="1.0" encoding="UTF-8"?>
<!-- Generated by org.testng.reporters.JUnitReportReporter -->
<testsuite hostname="CMDLHRLT104" name="FormsProviderNote.Letters" tests="25" failures="0" timestamp="9 May 2018 08:27:03 GMT" time="419.162" errors="0">
  <testcase name="verifyScrollFunctionality" time="0.660" classname="FormsProviderNote.Letters"/>
  <testcase name="verifyTemplateDropdownDefaultValue" time="0.545" classname="FormsProviderNote.Letters"/>
  <testcase name="verifyElementImport" time="0.797" classname="FormsProviderNote.Letters"/>
  <testcase name="verifyLetterOptions" time="20.953" classname="FormsProviderNote.Letters"/>
  <testcase name="verifyBirthHxinactive" time="137.951" classname="FormsProviderNote.Letters"/>
  <testcase name="verifyAddLetterPopup" time="0.925" classname="FormsProviderNote.Letters"/>
  <testcase name="verifyEditLetter" time="0.297" classname="FormsProviderNote.Letters"/>
  <testcase name="verifyLetterHeader" time="0.157" classname="FormsProviderNote.Letters"/>
  <testcase name="verifyLetterOption" time="3.507" classname="FormsProviderNote.Letters"/>
  <testcase name="verifySignFunctionality" time="29.070" classname="FormsProviderNote.Letters"/>
  <testcase name="verifyDissociateFunctionality" time="37.687" classname="FormsProviderNote.Letters"/>
  <testcase name="verifyTemplateAlert" time="1.382" classname="FormsProviderNote.Letters"/>
  <testcase name="verifyEditorFuntionality" time="3.363" classname="FormsProviderNote.Letters"/>
  <testcase name="verifyLettersTab" time="8.280" classname="FormsProviderNote.Letters"/>
  <testcase name="verifyChanges" time="22.325" classname="FormsProviderNote.Letters"/>
  <testcase name="verifyEditorTooltips" time="72.356" classname="FormsProviderNote.Letters"/>
  <testcase name="verifyLetterCreation" time="23.624" classname="FormsProviderNote.Letters"/>
  <testcase name="verifyLetterSave" time="30.829" classname="FormsProviderNote.Letters"/>
  <testcase name="verifyLetterNumbers" time="0.806" classname="FormsProviderNote.Letters"/>
  <testcase name="verifyPrintAlert" time="2.608" classname="FormsProviderNote.Letters"/>
  <testcase name="verifyLetterPrint" time="9.529" classname="FormsProviderNote.Letters"/>
  <testcase name="verifyEmailWindow" time="7.492" classname="FormsProviderNote.Letters"/>
  <testcase name="verifyNoLettersPresent" time="0.188" classname="FormsProviderNote.Letters"/>
  <testcase name="verifyLetterColumnsFunctionality" time="2.289" classname="FormsProviderNote.Letters"/>
  <testcase name="verifyLetterListColumns" time="1.542" classname="FormsProviderNote.Letters"/>
</testsuite> <!-- FormsProviderNote.Letters -->
