<?xml version="1.0" encoding="UTF-8"?>
<!-- Generated by org.testng.reporters.JUnitReportReporter -->
<testsuite hostname="CMDLHRLT580" failures="0" tests="1" name="hrEmailReminder.CheckResponse" time="5.442" errors="0" timestamp="16 Jul 2020 06:44:16 GMT" skipped="0">
  <testcase classname="hrEmailReminder.CheckResponse" name="preRec" time="5.442"/>
</testsuite> <!-- hrEmailReminder.CheckResponse -->
