<?xml version="1.0" encoding="UTF-8"?>
<!-- Generated by org.testng.reporters.JUnitReportReporter -->
<testsuite hostname="Sulehria" failures="0" tests="4" name="Assign.Zameen_Assignment" time="49.306" errors="0" timestamp="29 Mar 2021 18:54:16 GMT" skipped="0">
  <testcase classname="Assign.Zameen_Assignment" name="preRec" time="9.972"/>
  <testcase classname="Assign.Zameen_Assignment" name="VerifyResultsMatchCriteria" time="8.854"/>
  <testcase classname="Assign.Zameen_Assignment" name="VerifyResultsAndDetailsMatchExtraCriteria" time="19.328"/>
  <testcase classname="Assign.Zameen_Assignment" name="VerifyPropOnMap" time="11.152"/>
</testsuite> <!-- Assign.Zameen_Assignment -->
