<?xml version="1.0" encoding="UTF-8"?>
<!-- Generated by org.testng.reporters.JUnitReportReporter -->
<testsuite hostname="CMDLHRLT104" name="providerNote.OtherOrders" tests="10" failures="0" timestamp="8 Jun 2018 12:59:37 GMT" time="701.666" errors="0">
  <testcase name="VerifyProviderDropdown" time="1.276" classname="providerNote.OtherOrders"/>
  <testcase name="VerifyPreviousButtonFunctionality" time="25.195" classname="providerNote.OtherOrders"/>
  <testcase name="VerifySoapTextOnNote" time="6.068" classname="providerNote.OtherOrders"/>
  <testcase name="VerifyProcedureAdd" time="5.395" classname="providerNote.OtherOrders"/>
  <testcase name="VerifyNextButtonFunctionality" time="35.868" classname="providerNote.OtherOrders"/>
  <testcase name="verifyLeftTreeOtherOrder" time="108.906" classname="providerNote.OtherOrders"/>
  <testcase name="Applicationlogin" time="48.630" classname="providerNote.OtherOrders"/>
  <testcase name="AddPatient" time="335.080" classname="providerNote.OtherOrders"/>
  <testcase name="VerifyDiagnoseAdd" time="53.615" classname="providerNote.OtherOrders"/>
  <testcase name="VerifySaveAndAcceptButton" time="81.633" classname="providerNote.OtherOrders"/>
</testsuite> <!-- providerNote.OtherOrders -->
