<?xml version="1.0" encoding="UTF-8"?>
<!-- Generated by org.testng.reporters.JUnitReportReporter -->
<testsuite hostname="CMDLHRLT580" failures="0" tests="5" name="CSTasks.PatientStatement_Upload" time="9.303" errors="0" timestamp="24 Apr 2020 11:08:04 GMT" skipped="0">
  <testcase classname="CSTasks.PatientStatement_Upload" name="preRec" time="9.241"/>
  <testcase classname="CSTasks.PatientStatement_Upload" name="PatientStatement_uploadingData" time="0.025"/>
  <testcase classname="CSTasks.PatientStatement_Upload" name="PatientStatement_uploadingData" time="0.009"/>
  <testcase classname="CSTasks.PatientStatement_Upload" name="PatientStatement_uploadingData" time="0.010"/>
  <testcase classname="CSTasks.PatientStatement_Upload" name="PatientStatement_uploadingData" time="0.018"/>
</testsuite> <!-- CSTasks.PatientStatement_Upload -->
