<?xml version="1.0" encoding="UTF-8"?>
<!-- Generated by org.testng.reporters.JUnitReportReporter -->
<testsuite hostname="CMDLHRLT104" name="providerNote.Procedure" tests="21" failures="0" timestamp="11 Jun 2018 09:31:04 GMT" time="1397.244" errors="1">
  <testcase name="verifyOrderPatientInstructionCharacterLimit" time="149.964" classname="providerNote.Procedure"/>
  <testcase name="ProcedureOrderEdit" time="35.454" classname="providerNote.Procedure"/>
  <testcase name="verifyButtons" time="106.632" classname="providerNote.Procedure"/>
  <testcase name="verifyStatUnitFields" time="2.722" classname="providerNote.Procedure"/>
  <testcase name="verifyOrderPatientInstructionPrint" time="40.068" classname="providerNote.Procedure"/>
  <testcase name="ProcedureSoapText" time="19.617" classname="providerNote.Procedure"/>
  <testcase name="verifyProcedureAdd" time="132.697" classname="providerNote.Procedure"/>
  <testcase name="ModifierMedicationLimitRemoval" time="19.527" classname="providerNote.Procedure"/>
  <testcase name="DateCompareNoteProcedure" time="107.347" classname="providerNote.Procedure">
    <error type="java.lang.NullPointerException">
      <![CDATA[java.lang.NullPointerException
	at providerNote.Procedure.DateCompareNoteProcedure(Procedure.java:1440)
	at sun.reflect.NativeMethodAccessorImpl.invoke0(Native Method)
	at sun.reflect.NativeMethodAccessorImpl.invoke(NativeMethodAccessorImpl.java:62)
	at sun.reflect.DelegatingMethodAccessorImpl.invoke(DelegatingMethodAccessorImpl.java:43)
	at java.lang.reflect.Method.invoke(Method.java:498)
	at org.testng.internal.MethodInvocationHelper.invokeMethod(MethodInvocationHelper.java:86)
	at org.testng.internal.Invoker.invokeMethod(Invoker.java:643)
	at org.testng.internal.Invoker.invokeTestMethod(Invoker.java:820)
	at org.testng.internal.Invoker.invokeTestMethods(Invoker.java:1128)
	at org.testng.internal.TestMethodWorker.invokeTestMethods(TestMethodWorker.java:129)
	at org.testng.internal.TestMethodWorker.run(TestMethodWorker.java:112)
	at org.testng.TestRunner.privateRun(TestRunner.java:782)
	at org.testng.TestRunner.run(TestRunner.java:632)
	at org.testng.SuiteRunner.runTest(SuiteRunner.java:366)
	at org.testng.SuiteRunner.runSequentially(SuiteRunner.java:361)
	at org.testng.SuiteRunner.privateRun(SuiteRunner.java:319)
	at org.testng.SuiteRunner.run(SuiteRunner.java:268)
	at org.testng.SuiteRunnerWorker.runSuite(SuiteRunnerWorker.java:52)
	at org.testng.SuiteRunnerWorker.run(SuiteRunnerWorker.java:86)
	at org.testng.TestNG.runSuitesSequentially(TestNG.java:1244)
	at org.testng.TestNG.runSuitesLocally(TestNG.java:1169)
	at org.testng.TestNG.run(TestNG.java:1064)
	at org.testng.remote.AbstractRemoteTestNG.run(AbstractRemoteTestNG.java:132)
	at org.testng.remote.RemoteTestNG.initAndRun(RemoteTestNG.java:230)
	at org.testng.remote.RemoteTestNG.main(RemoteTestNG.java:76)
]]>
    </error>
  </testcase> <!-- DateCompareNoteProcedure -->
  <testcase name="verifyProviderAssignedToDropDown" time="0.859" classname="providerNote.Procedure"/>
  <testcase name="ThirtyProcedures" time="46.712" classname="providerNote.Procedure"/>
  <testcase name="verifyProcedureSelection" time="12.148" classname="providerNote.Procedure"/>
  <testcase name="verifyDiagnosisLimit" time="77.465" classname="providerNote.Procedure"/>
  <testcase name="verifyProcedureIntellisense" time="4.214" classname="providerNote.Procedure"/>
  <testcase name="verifyProcedureSection" time="3.652" classname="providerNote.Procedure"/>
  <testcase name="ModifierMedicationSection" time="21.668" classname="providerNote.Procedure"/>
  <testcase name="CrossPrompt" time="23.414" classname="providerNote.Procedure"/>
  <testcase name="AddPatient" time="329.693" classname="providerNote.Procedure"/>
  <testcase name="Applicationlogin" time="48.976" classname="providerNote.Procedure"/>
  <testcase name="ModifierMedicationSectionIntellisense" time="7.858" classname="providerNote.Procedure"/>
  <testcase name="NextPreviousCrossFunctionality" time="206.557" classname="providerNote.Procedure"/>
</testsuite> <!-- providerNote.Procedure -->
