<?xml version="1.0" encoding="UTF-8"?>
<!-- Generated by org.testng.reporters.JUnitReportReporter -->
<testsuite hostname="CMDLHRLT104" name="EsuperBill.FeeSchedule" tests="4" failures="0" timestamp="15 Mar 2018 11:02:48 GMT" time="6.493" errors="0">
  <testcase name="verifyZeroFeeOfNoFeeScheduleCPTPopulation" time="1.514" classname="EsuperBill.FeeSchedule"/>
  <testcase name="verifyAllCombinationFeeSchedule" time="0.004" classname="EsuperBill.FeeSchedule"/>
  <testcase name="verifyUnitBaseFeeCalculation" time="0.666" classname="EsuperBill.FeeSchedule"/>
  <testcase name="verifyFeeOfCPTPopulation" time="4.309" classname="EsuperBill.FeeSchedule"/>
</testsuite> <!-- EsuperBill.FeeSchedule -->
