<?xml version="1.0" encoding="UTF-8"?>
<!-- Generated by org.testng.reporters.JUnitReportReporter -->
<testsuite hostname="CMDLHRLT104" name="providerNote.Prescriptions" tests="13" failures="0" timestamp="11 Jun 2018 08:01:51 GMT" time="907.473" errors="0">
  <testcase name="verifyOverridenAlert" time="72.675" classname="providerNote.Prescriptions"/>
  <testcase name="verifyintellisence" time="6.993" classname="providerNote.Prescriptions"/>
  <testcase name="verifyprescribebutton" time="121.529" classname="providerNote.Prescriptions"/>
  <testcase name="verifyInteractionNotFoungMsg" time="44.090" classname="providerNote.Prescriptions"/>
  <testcase name="verifySoaptext" time="25.017" classname="providerNote.Prescriptions"/>
  <testcase name="verifycomponents" time="0.432" classname="providerNote.Prescriptions"/>
  <testcase name="verifyInteraction" time="84.057" classname="providerNote.Prescriptions"/>
  <testcase name="Add_Allergy" time="87.362" classname="providerNote.Prescriptions"/>
  <testcase name="verifysubtab" time="15.794" classname="providerNote.Prescriptions"/>
  <testcase name="verifyhelppopup" time="83.883" classname="providerNote.Prescriptions"/>
  <testcase name="verifytabButtons" time="0.260" classname="providerNote.Prescriptions"/>
  <testcase name="Applicationlogin" time="46.896" classname="providerNote.Prescriptions"/>
  <testcase name="AddPatient" time="318.485" classname="providerNote.Prescriptions"/>
</testsuite> <!-- providerNote.Prescriptions -->
